{
  "C:\\Users\\Alex\\Desktop\\HIOA\\Bachelor\\Bookora-bitbucket\\bookquorareact\\src\\service\\Authentication\\authHeader.js": {
    "path": "C:\\Users\\Alex\\Desktop\\HIOA\\Bachelor\\Bookora-bitbucket\\bookquorareact\\src\\service\\Authentication\\authHeader.js",
    "statementMap": {
      "0": {
        "start": {
          "line": 2,
          "column": 17
        },
        "end": {
          "line": 2,
          "column": 57
        }
      },
      "1": {
        "start": {
          "line": 4,
          "column": 4
        },
        "end": {
          "line": 8,
          "column": 5
        }
      },
      "2": {
        "start": {
          "line": 5,
          "column": 6
        },
        "end": {
          "line": 5,
          "column": 55
        }
      },
      "3": {
        "start": {
          "line": 7,
          "column": 6
        },
        "end": {
          "line": 7,
          "column": 16
        }
      }
    },
    "fnMap": {
      "0": {
        "name": "authHeader",
        "decl": {
          "start": {
            "line": 1,
            "column": 24
          },
          "end": {
            "line": 1,
            "column": 34
          }
        },
        "loc": {
          "start": {
            "line": 1,
            "column": 37
          },
          "end": {
            "line": 9,
            "column": 3
          }
        },
        "line": 1
      }
    },
    "branchMap": {
      "0": {
        "loc": {
          "start": {
            "line": 4,
            "column": 4
          },
          "end": {
            "line": 8,
            "column": 5
          }
        },
        "type": "if",
        "locations": [
          {
            "start": {
              "line": 4,
              "column": 4
            },
            "end": {
              "line": 8,
              "column": 5
            }
          },
          {
            "start": {
              "line": 4,
              "column": 4
            },
            "end": {
              "line": 8,
              "column": 5
            }
          }
        ],
        "line": 4
      },
      "1": {
        "loc": {
          "start": {
            "line": 4,
            "column": 8
          },
          "end": {
            "line": 4,
            "column": 26
          }
        },
        "type": "binary-expr",
        "locations": [
          {
            "start": {
              "line": 4,
              "column": 8
            },
            "end": {
              "line": 4,
              "column": 12
            }
          },
          {
            "start": {
              "line": 4,
              "column": 16
            },
            "end": {
              "line": 4,
              "column": 26
            }
          }
        ],
        "line": 4
      }
    },
    "s": {
      "0": 4,
      "1": 4,
      "2": 4,
      "3": 0
    },
    "f": {
      "0": 4
    },
    "b": {
      "0": [
        4,
        0
      ],
      "1": [
        4,
        4
      ]
    },
    "_coverageSchema": "1a1c01bbd47fc00a2c39e90264f33305004495a9",
    "hash": "f03cc5493c723d53990d1087ad8119f2345718e2"
  },
  "C:\\Users\\Alex\\Desktop\\HIOA\\Bachelor\\Bookora-bitbucket\\bookquorareact\\src\\service\\Authentication\\authUser.js": {
    "path": "C:\\Users\\Alex\\Desktop\\HIOA\\Bachelor\\Bookora-bitbucket\\bookquorareact\\src\\service\\Authentication\\authUser.js",
    "statementMap": {
      "0": {
        "start": {
          "line": 4,
          "column": 16
        },
        "end": {
          "line": 4,
          "column": 57
        }
      },
      "1": {
        "start": {
          "line": 5,
          "column": 17
        },
        "end": {
          "line": 5,
          "column": 41
        }
      },
      "2": {
        "start": {
          "line": 10,
          "column": 8
        },
        "end": {
          "line": 21,
          "column": 15
        }
      },
      "3": {
        "start": {
          "line": 16,
          "column": 16
        },
        "end": {
          "line": 19,
          "column": 17
        }
      },
      "4": {
        "start": {
          "line": 17,
          "column": 20
        },
        "end": {
          "line": 17,
          "column": 80
        }
      },
      "5": {
        "start": {
          "line": 18,
          "column": 20
        },
        "end": {
          "line": 18,
          "column": 59
        }
      },
      "6": {
        "start": {
          "line": 20,
          "column": 16
        },
        "end": {
          "line": 20,
          "column": 37
        }
      },
      "7": {
        "start": {
          "line": 25,
          "column": 8
        },
        "end": {
          "line": 33,
          "column": 15
        }
      },
      "8": {
        "start": {
          "line": 32,
          "column": 16
        },
        "end": {
          "line": 32,
          "column": 37
        }
      },
      "9": {
        "start": {
          "line": 36,
          "column": 21
        },
        "end": {
          "line": 46,
          "column": 5
        }
      },
      "10": {
        "start": {
          "line": 37,
          "column": 8
        },
        "end": {
          "line": 45,
          "column": 14
        }
      },
      "11": {
        "start": {
          "line": 42,
          "column": 16
        },
        "end": {
          "line": 42,
          "column": 48
        }
      },
      "12": {
        "start": {
          "line": 43,
          "column": 16
        },
        "end": {
          "line": 43,
          "column": 76
        }
      },
      "13": {
        "start": {
          "line": 44,
          "column": 16
        },
        "end": {
          "line": 44,
          "column": 37
        }
      },
      "14": {
        "start": {
          "line": 47,
          "column": 17
        },
        "end": {
          "line": 56,
          "column": 5
        }
      },
      "15": {
        "start": {
          "line": 48,
          "column": 8
        },
        "end": {
          "line": 55,
          "column": 10
        }
      },
      "16": {
        "start": {
          "line": 54,
          "column": 12
        },
        "end": {
          "line": 54,
          "column": 28
        }
      },
      "17": {
        "start": {
          "line": 59,
          "column": 20
        },
        "end": {
          "line": 67,
          "column": 5
        }
      },
      "18": {
        "start": {
          "line": 60,
          "column": 8
        },
        "end": {
          "line": 66,
          "column": 14
        }
      },
      "19": {
        "start": {
          "line": 65,
          "column": 16
        },
        "end": {
          "line": 65,
          "column": 37
        }
      },
      "20": {
        "start": {
          "line": 69,
          "column": 13
        },
        "end": {
          "line": 71,
          "column": 5
        }
      },
      "21": {
        "start": {
          "line": 70,
          "column": 8
        },
        "end": {
          "line": 70,
          "column": 40
        }
      },
      "22": {
        "start": {
          "line": 75,
          "column": 8
        },
        "end": {
          "line": 81,
          "column": 11
        }
      },
      "23": {
        "start": {
          "line": 87,
          "column": 8
        },
        "end": {
          "line": 87,
          "column": 56
        }
      }
    },
    "fnMap": {
      "0": {
        "name": "(anonymous_0)",
        "decl": {
          "start": {
            "line": 8,
            "column": 4
          },
          "end": {
            "line": 8,
            "column": 5
          }
        },
        "loc": {
          "start": {
            "line": 8,
            "column": 27
          },
          "end": {
            "line": 22,
            "column": 5
          }
        },
        "line": 8
      },
      "1": {
        "name": "(anonymous_1)",
        "decl": {
          "start": {
            "line": 15,
            "column": 18
          },
          "end": {
            "line": 15,
            "column": 19
          }
        },
        "loc": {
          "start": {
            "line": 15,
            "column": 30
          },
          "end": {
            "line": 21,
            "column": 13
          }
        },
        "line": 15
      },
      "2": {
        "name": "(anonymous_2)",
        "decl": {
          "start": {
            "line": 24,
            "column": 4
          },
          "end": {
            "line": 24,
            "column": 5
          }
        },
        "loc": {
          "start": {
            "line": 24,
            "column": 28
          },
          "end": {
            "line": 34,
            "column": 5
          }
        },
        "line": 24
      },
      "3": {
        "name": "(anonymous_3)",
        "decl": {
          "start": {
            "line": 30,
            "column": 18
          },
          "end": {
            "line": 30,
            "column": 19
          }
        },
        "loc": {
          "start": {
            "line": 30,
            "column": 30
          },
          "end": {
            "line": 33,
            "column": 13
          }
        },
        "line": 30
      },
      "4": {
        "name": "(anonymous_4)",
        "decl": {
          "start": {
            "line": 36,
            "column": 21
          },
          "end": {
            "line": 36,
            "column": 22
          }
        },
        "loc": {
          "start": {
            "line": 36,
            "column": 32
          },
          "end": {
            "line": 46,
            "column": 5
          }
        },
        "line": 36
      },
      "5": {
        "name": "(anonymous_5)",
        "decl": {
          "start": {
            "line": 41,
            "column": 20
          },
          "end": {
            "line": 41,
            "column": 21
          }
        },
        "loc": {
          "start": {
            "line": 41,
            "column": 32
          },
          "end": {
            "line": 45,
            "column": 13
          }
        },
        "line": 41
      },
      "6": {
        "name": "(anonymous_6)",
        "decl": {
          "start": {
            "line": 47,
            "column": 17
          },
          "end": {
            "line": 47,
            "column": 18
          }
        },
        "loc": {
          "start": {
            "line": 47,
            "column": 42
          },
          "end": {
            "line": 56,
            "column": 5
          }
        },
        "line": 47
      },
      "7": {
        "name": "(anonymous_7)",
        "decl": {
          "start": {
            "line": 52,
            "column": 16
          },
          "end": {
            "line": 52,
            "column": 17
          }
        },
        "loc": {
          "start": {
            "line": 52,
            "column": 28
          },
          "end": {
            "line": 55,
            "column": 9
          }
        },
        "line": 52
      },
      "8": {
        "name": "(anonymous_8)",
        "decl": {
          "start": {
            "line": 59,
            "column": 20
          },
          "end": {
            "line": 59,
            "column": 21
          }
        },
        "loc": {
          "start": {
            "line": 59,
            "column": 41
          },
          "end": {
            "line": 67,
            "column": 5
          }
        },
        "line": 59
      },
      "9": {
        "name": "(anonymous_9)",
        "decl": {
          "start": {
            "line": 64,
            "column": 20
          },
          "end": {
            "line": 64,
            "column": 21
          }
        },
        "loc": {
          "start": {
            "line": 64,
            "column": 32
          },
          "end": {
            "line": 66,
            "column": 13
          }
        },
        "line": 64
      },
      "10": {
        "name": "(anonymous_10)",
        "decl": {
          "start": {
            "line": 69,
            "column": 13
          },
          "end": {
            "line": 69,
            "column": 14
          }
        },
        "loc": {
          "start": {
            "line": 69,
            "column": 19
          },
          "end": {
            "line": 71,
            "column": 5
          }
        },
        "line": 69
      },
      "11": {
        "name": "(anonymous_11)",
        "decl": {
          "start": {
            "line": 74,
            "column": 4
          },
          "end": {
            "line": 74,
            "column": 5
          }
        },
        "loc": {
          "start": {
            "line": 74,
            "column": 57
          },
          "end": {
            "line": 82,
            "column": 5
          }
        },
        "line": 74
      },
      "12": {
        "name": "(anonymous_12)",
        "decl": {
          "start": {
            "line": 84,
            "column": 4
          },
          "end": {
            "line": 84,
            "column": 5
          }
        },
        "loc": {
          "start": {
            "line": 84,
            "column": 21
          },
          "end": {
            "line": 88,
            "column": 5
          }
        },
        "line": 84
      }
    },
    "branchMap": {
      "0": {
        "loc": {
          "start": {
            "line": 16,
            "column": 16
          },
          "end": {
            "line": 19,
            "column": 17
          }
        },
        "type": "if",
        "locations": [
          {
            "start": {
              "line": 16,
              "column": 16
            },
            "end": {
              "line": 19,
              "column": 17
            }
          },
          {
            "start": {
              "line": 16,
              "column": 16
            },
            "end": {
              "line": 19,
              "column": 17
            }
          }
        ],
        "line": 16
      }
    },
    "s": {
      "0": 54,
      "1": 54,
      "2": 8,
      "3": 4,
      "4": 4,
      "5": 4,
      "6": 4,
      "7": 1,
      "8": 1,
      "9": 54,
      "10": 5,
      "11": 3,
      "12": 3,
      "13": 3,
      "14": 54,
      "15": 1,
      "16": 1,
      "17": 54,
      "18": 0,
      "19": 0,
      "20": 54,
      "21": 0,
      "22": 1,
      "23": 32
    },
    "f": {
      "0": 8,
      "1": 4,
      "2": 1,
      "3": 1,
      "4": 5,
      "5": 3,
      "6": 1,
      "7": 1,
      "8": 0,
      "9": 0,
      "10": 0,
      "11": 1,
      "12": 32
    },
    "b": {
      "0": [
        4,
        0
      ]
    },
    "_coverageSchema": "1a1c01bbd47fc00a2c39e90264f33305004495a9",
    "hash": "950fbe1393956f1a16b5a575bf8dc70f2735535b"
  },
  "C:\\Users\\Alex\\Desktop\\HIOA\\Bachelor\\Bookora-bitbucket\\bookquorareact\\src\\Component\\Login\\ValidateEmail.js": {
    "path": "C:\\Users\\Alex\\Desktop\\HIOA\\Bachelor\\Bookora-bitbucket\\bookquorareact\\src\\Component\\Login\\ValidateEmail.js",
    "statementMap": {
      "0": {
        "start": {
          "line": 2,
          "column": 23
        },
        "end": {
          "line": 12,
          "column": 1
        }
      },
      "1": {
        "start": {
          "line": 3,
          "column": 16
        },
        "end": {
          "line": 3,
          "column": 35
        }
      },
      "2": {
        "start": {
          "line": 4,
          "column": 18
        },
        "end": {
          "line": 4,
          "column": 37
        }
      },
      "3": {
        "start": {
          "line": 5,
          "column": 32
        },
        "end": {
          "line": 5,
          "column": 47
        }
      },
      "4": {
        "start": {
          "line": 6,
          "column": 27
        },
        "end": {
          "line": 6,
          "column": 37
        }
      },
      "5": {
        "start": {
          "line": 8,
          "column": 4
        },
        "end": {
          "line": 11,
          "column": 5
        }
      },
      "6": {
        "start": {
          "line": 10,
          "column": 8
        },
        "end": {
          "line": 10,
          "column": 20
        }
      },
      "7": {
        "start": {
          "line": 11,
          "column": 6
        },
        "end": {
          "line": 11,
          "column": 19
        }
      }
    },
    "fnMap": {
      "0": {
        "name": "(anonymous_0)",
        "decl": {
          "start": {
            "line": 2,
            "column": 23
          },
          "end": {
            "line": 2,
            "column": 24
          }
        },
        "loc": {
          "start": {
            "line": 2,
            "column": 34
          },
          "end": {
            "line": 12,
            "column": 1
          }
        },
        "line": 2
      }
    },
    "branchMap": {
      "0": {
        "loc": {
          "start": {
            "line": 8,
            "column": 4
          },
          "end": {
            "line": 11,
            "column": 5
          }
        },
        "type": "if",
        "locations": [
          {
            "start": {
              "line": 8,
              "column": 4
            },
            "end": {
              "line": 11,
              "column": 5
            }
          },
          {
            "start": {
              "line": 8,
              "column": 4
            },
            "end": {
              "line": 11,
              "column": 5
            }
          }
        ],
        "line": 8
      },
      "1": {
        "loc": {
          "start": {
            "line": 8,
            "column": 8
          },
          "end": {
            "line": 9,
            "column": 52
          }
        },
        "type": "binary-expr",
        "locations": [
          {
            "start": {
              "line": 8,
              "column": 8
            },
            "end": {
              "line": 8,
              "column": 54
            }
          },
          {
            "start": {
              "line": 9,
              "column": 11
            },
            "end": {
              "line": 9,
              "column": 52
            }
          }
        ],
        "line": 8
      }
    },
    "s": {
      "0": 54,
      "1": 19,
      "2": 19,
      "3": 19,
      "4": 19,
      "5": 19,
      "6": 14,
      "7": 5
    },
    "f": {
      "0": 19
    },
    "b": {
      "0": [
        14,
        5
      ],
      "1": [
        19,
        5
      ]
    },
    "_coverageSchema": "1a1c01bbd47fc00a2c39e90264f33305004495a9",
    "hash": "8e0d2e399b0e81885cccfabbe8507956b49e42e4"
  },
  "C:\\Users\\Alex\\Desktop\\HIOA\\Bachelor\\Bookora-bitbucket\\bookquorareact\\src\\Modal\\Login\\SignUpContainer.js": {
    "path": "C:\\Users\\Alex\\Desktop\\HIOA\\Bachelor\\Bookora-bitbucket\\bookquorareact\\src\\Modal\\Login\\SignUpContainer.js",
    "statementMap": {
      "0": {
        "start": {
          "line": 11,
          "column": 24
        },
        "end": {
          "line": 235,
          "column": 1
        }
      },
      "1": {
        "start": {
          "line": 13,
          "column": 34
        },
        "end": {
          "line": 13,
          "column": 55
        }
      },
      "2": {
        "start": {
          "line": 14,
          "column": 38
        },
        "end": {
          "line": 14,
          "column": 56
        }
      },
      "3": {
        "start": {
          "line": 15,
          "column": 36
        },
        "end": {
          "line": 15,
          "column": 54
        }
      },
      "4": {
        "start": {
          "line": 16,
          "column": 30
        },
        "end": {
          "line": 16,
          "column": 48
        }
      },
      "5": {
        "start": {
          "line": 17,
          "column": 36
        },
        "end": {
          "line": 17,
          "column": 54
        }
      },
      "6": {
        "start": {
          "line": 20,
          "column": 52
        },
        "end": {
          "line": 20,
          "column": 61
        }
      },
      "7": {
        "start": {
          "line": 23,
          "column": 23
        },
        "end": {
          "line": 25,
          "column": 5
        }
      },
      "8": {
        "start": {
          "line": 24,
          "column": 12
        },
        "end": {
          "line": 24,
          "column": 36
        }
      },
      "9": {
        "start": {
          "line": 29,
          "column": 21
        },
        "end": {
          "line": 79,
          "column": 5
        }
      },
      "10": {
        "start": {
          "line": 31,
          "column": 8
        },
        "end": {
          "line": 77,
          "column": 9
        }
      },
      "11": {
        "start": {
          "line": 33,
          "column": 26
        },
        "end": {
          "line": 33,
          "column": 34
        }
      },
      "12": {
        "start": {
          "line": 34,
          "column": 12
        },
        "end": {
          "line": 34,
          "column": 29
        }
      },
      "13": {
        "start": {
          "line": 35,
          "column": 12
        },
        "end": {
          "line": 66,
          "column": 18
        }
      },
      "14": {
        "start": {
          "line": 46,
          "column": 24
        },
        "end": {
          "line": 46,
          "column": 37
        }
      },
      "15": {
        "start": {
          "line": 49,
          "column": 28
        },
        "end": {
          "line": 53,
          "column": 44
        }
      },
      "16": {
        "start": {
          "line": 54,
          "column": 20
        },
        "end": {
          "line": 62,
          "column": 22
        }
      },
      "17": {
        "start": {
          "line": 64,
          "column": 19
        },
        "end": {
          "line": 64,
          "column": 32
        }
      },
      "18": {
        "start": {
          "line": 68,
          "column": 12
        },
        "end": {
          "line": 76,
          "column": 14
        }
      },
      "19": {
        "start": {
          "line": 81,
          "column": 4
        },
        "end": {
          "line": 234,
          "column": 6
        }
      },
      "20": {
        "start": {
          "line": 114,
          "column": 47
        },
        "end": {
          "line": 114,
          "column": 75
        }
      },
      "21": {
        "start": {
          "line": 135,
          "column": 47
        },
        "end": {
          "line": 135,
          "column": 74
        }
      },
      "22": {
        "start": {
          "line": 158,
          "column": 47
        },
        "end": {
          "line": 158,
          "column": 71
        }
      },
      "23": {
        "start": {
          "line": 179,
          "column": 47
        },
        "end": {
          "line": 179,
          "column": 74
        }
      },
      "24": {
        "start": {
          "line": 192,
          "column": 55
        },
        "end": {
          "line": 192,
          "column": 110
        }
      }
    },
    "fnMap": {
      "0": {
        "name": "(anonymous_0)",
        "decl": {
          "start": {
            "line": 11,
            "column": 24
          },
          "end": {
            "line": 11,
            "column": 25
          }
        },
        "loc": {
          "start": {
            "line": 11,
            "column": 35
          },
          "end": {
            "line": 235,
            "column": 1
          }
        },
        "line": 11
      },
      "1": {
        "name": "(anonymous_1)",
        "decl": {
          "start": {
            "line": 23,
            "column": 23
          },
          "end": {
            "line": 23,
            "column": 24
          }
        },
        "loc": {
          "start": {
            "line": 23,
            "column": 29
          },
          "end": {
            "line": 25,
            "column": 5
          }
        },
        "line": 23
      },
      "2": {
        "name": "(anonymous_2)",
        "decl": {
          "start": {
            "line": 29,
            "column": 21
          },
          "end": {
            "line": 29,
            "column": 22
          }
        },
        "loc": {
          "start": {
            "line": 29,
            "column": 29
          },
          "end": {
            "line": 79,
            "column": 5
          }
        },
        "line": 29
      },
      "3": {
        "name": "(anonymous_3)",
        "decl": {
          "start": {
            "line": 36,
            "column": 22
          },
          "end": {
            "line": 36,
            "column": 23
          }
        },
        "loc": {
          "start": {
            "line": 36,
            "column": 34
          },
          "end": {
            "line": 47,
            "column": 21
          }
        },
        "line": 36
      },
      "4": {
        "name": "(anonymous_4)",
        "decl": {
          "start": {
            "line": 47,
            "column": 23
          },
          "end": {
            "line": 47,
            "column": 24
          }
        },
        "loc": {
          "start": {
            "line": 47,
            "column": 32
          },
          "end": {
            "line": 65,
            "column": 21
          }
        },
        "line": 47
      },
      "5": {
        "name": "(anonymous_5)",
        "decl": {
          "start": {
            "line": 114,
            "column": 42
          },
          "end": {
            "line": 114,
            "column": 43
          }
        },
        "loc": {
          "start": {
            "line": 114,
            "column": 47
          },
          "end": {
            "line": 114,
            "column": 75
          }
        },
        "line": 114
      },
      "6": {
        "name": "(anonymous_6)",
        "decl": {
          "start": {
            "line": 135,
            "column": 42
          },
          "end": {
            "line": 135,
            "column": 43
          }
        },
        "loc": {
          "start": {
            "line": 135,
            "column": 47
          },
          "end": {
            "line": 135,
            "column": 74
          }
        },
        "line": 135
      },
      "7": {
        "name": "(anonymous_7)",
        "decl": {
          "start": {
            "line": 158,
            "column": 42
          },
          "end": {
            "line": 158,
            "column": 43
          }
        },
        "loc": {
          "start": {
            "line": 158,
            "column": 47
          },
          "end": {
            "line": 158,
            "column": 71
          }
        },
        "line": 158
      },
      "8": {
        "name": "(anonymous_8)",
        "decl": {
          "start": {
            "line": 179,
            "column": 42
          },
          "end": {
            "line": 179,
            "column": 43
          }
        },
        "loc": {
          "start": {
            "line": 179,
            "column": 47
          },
          "end": {
            "line": 179,
            "column": 74
          }
        },
        "line": 179
      },
      "9": {
        "name": "(anonymous_9)",
        "decl": {
          "start": {
            "line": 192,
            "column": 46
          },
          "end": {
            "line": 192,
            "column": 47
          }
        },
        "loc": {
          "start": {
            "line": 192,
            "column": 55
          },
          "end": {
            "line": 192,
            "column": 110
          }
        },
        "line": 192
      }
    },
    "branchMap": {
      "0": {
        "loc": {
          "start": {
            "line": 31,
            "column": 8
          },
          "end": {
            "line": 77,
            "column": 9
          }
        },
        "type": "if",
        "locations": [
          {
            "start": {
              "line": 31,
              "column": 8
            },
            "end": {
              "line": 77,
              "column": 9
            }
          },
          {
            "start": {
              "line": 31,
              "column": 8
            },
            "end": {
              "line": 77,
              "column": 9
            }
          }
        ],
        "line": 31
      },
      "1": {
        "loc": {
          "start": {
            "line": 49,
            "column": 28
          },
          "end": {
            "line": 53,
            "column": 44
          }
        },
        "type": "binary-expr",
        "locations": [
          {
            "start": {
              "line": 49,
              "column": 29
            },
            "end": {
              "line": 49,
              "column": 43
            }
          },
          {
            "start": {
              "line": 50,
              "column": 32
            },
            "end": {
              "line": 50,
              "column": 51
            }
          },
          {
            "start": {
              "line": 51,
              "column": 32
            },
            "end": {
              "line": 51,
              "column": 59
            }
          },
          {
            "start": {
              "line": 52,
              "column": 28
            },
            "end": {
              "line": 52,
              "column": 41
            }
          },
          {
            "start": {
              "line": 53,
              "column": 28
            },
            "end": {
              "line": 53,
              "column": 44
            }
          }
        ],
        "line": 49
      },
      "2": {
        "loc": {
          "start": {
            "line": 110,
            "column": 44
          },
          "end": {
            "line": 110,
            "column": 92
          }
        },
        "type": "cond-expr",
        "locations": [
          {
            "start": {
              "line": 110,
              "column": 63
            },
            "end": {
              "line": 110,
              "column": 87
            }
          },
          {
            "start": {
              "line": 110,
              "column": 90
            },
            "end": {
              "line": 110,
              "column": 92
            }
          }
        ],
        "line": 110
      },
      "3": {
        "loc": {
          "start": {
            "line": 131,
            "column": 44
          },
          "end": {
            "line": 131,
            "column": 90
          }
        },
        "type": "cond-expr",
        "locations": [
          {
            "start": {
              "line": 131,
              "column": 62
            },
            "end": {
              "line": 131,
              "column": 85
            }
          },
          {
            "start": {
              "line": 131,
              "column": 88
            },
            "end": {
              "line": 131,
              "column": 90
            }
          }
        ],
        "line": 131
      },
      "4": {
        "loc": {
          "start": {
            "line": 154,
            "column": 44
          },
          "end": {
            "line": 154,
            "column": 84
          }
        },
        "type": "cond-expr",
        "locations": [
          {
            "start": {
              "line": 154,
              "column": 59
            },
            "end": {
              "line": 154,
              "column": 79
            }
          },
          {
            "start": {
              "line": 154,
              "column": 82
            },
            "end": {
              "line": 154,
              "column": 84
            }
          }
        ],
        "line": 154
      },
      "5": {
        "loc": {
          "start": {
            "line": 175,
            "column": 44
          },
          "end": {
            "line": 175,
            "column": 90
          }
        },
        "type": "cond-expr",
        "locations": [
          {
            "start": {
              "line": 175,
              "column": 62
            },
            "end": {
              "line": 175,
              "column": 85
            }
          },
          {
            "start": {
              "line": 175,
              "column": 88
            },
            "end": {
              "line": 175,
              "column": 90
            }
          }
        ],
        "line": 175
      },
      "6": {
        "loc": {
          "start": {
            "line": 192,
            "column": 55
          },
          "end": {
            "line": 192,
            "column": 110
          }
        },
        "type": "binary-expr",
        "locations": [
          {
            "start": {
              "line": 192,
              "column": 55
            },
            "end": {
              "line": 192,
              "column": 82
            }
          },
          {
            "start": {
              "line": 192,
              "column": 86
            },
            "end": {
              "line": 192,
              "column": 110
            }
          }
        ],
        "line": 192
      },
      "7": {
        "loc": {
          "start": {
            "line": 195,
            "column": 44
          },
          "end": {
            "line": 195,
            "column": 104
          }
        },
        "type": "cond-expr",
        "locations": [
          {
            "start": {
              "line": 195,
              "column": 69
            },
            "end": {
              "line": 195,
              "column": 99
            }
          },
          {
            "start": {
              "line": 195,
              "column": 102
            },
            "end": {
              "line": 195,
              "column": 104
            }
          }
        ],
        "line": 195
      },
      "8": {
        "loc": {
          "start": {
            "line": 213,
            "column": 29
          },
          "end": {
            "line": 222,
            "column": 38
          }
        },
        "type": "cond-expr",
        "locations": [
          {
            "start": {
              "line": 214,
              "column": 32
            },
            "end": {
              "line": 221,
              "column": 38
            }
          },
          {
            "start": {
              "line": 222,
              "column": 34
            },
            "end": {
              "line": 222,
              "column": 38
            }
          }
        ],
        "line": 213
      }
    },
    "s": {
      "0": 54,
      "1": 223,
      "2": 223,
      "3": 223,
      "4": 223,
      "5": 223,
      "6": 223,
      "7": 223,
      "8": 1,
      "9": 223,
      "10": 2,
      "11": 1,
      "12": 1,
      "13": 1,
      "14": 0,
      "15": 1,
      "16": 1,
      "17": 1,
      "18": 1,
      "19": 223,
      "20": 30,
      "21": 38,
      "22": 75,
      "23": 56,
      "24": 4
    },
    "f": {
      "0": 223,
      "1": 1,
      "2": 2,
      "3": 0,
      "4": 1,
      "5": 30,
      "6": 38,
      "7": 75,
      "8": 56,
      "9": 4
    },
    "b": {
      "0": [
        1,
        1
      ],
      "1": [
        1,
        1,
        1,
        0,
        0
      ],
      "2": [
        3,
        220
      ],
      "3": [
        3,
        220
      ],
      "4": [
        3,
        220
      ],
      "5": [
        3,
        220
      ],
      "6": [
        4,
        2
      ],
      "7": [
        3,
        220
      ],
      "8": [
        2,
        221
      ]
    },
    "_coverageSchema": "1a1c01bbd47fc00a2c39e90264f33305004495a9",
    "hash": "39b7fc933f23ce35e5f529e38dd5459b264b6721"
  },
  "C:\\Users\\Alex\\Desktop\\HIOA\\Bachelor\\Bookora-bitbucket\\bookquorareact\\src\\Modal\\Login\\SignInContainer.js": {
    "path": "C:\\Users\\Alex\\Desktop\\HIOA\\Bachelor\\Bookora-bitbucket\\bookquorareact\\src\\Modal\\Login\\SignInContainer.js",
    "statementMap": {
      "0": {
        "start": {
          "line": 11,
          "column": 24
        },
        "end": {
          "line": 228,
          "column": 1
        }
      },
      "1": {
        "start": {
          "line": 13,
          "column": 34
        },
        "end": {
          "line": 13,
          "column": 55
        }
      },
      "2": {
        "start": {
          "line": 14,
          "column": 30
        },
        "end": {
          "line": 14,
          "column": 48
        }
      },
      "3": {
        "start": {
          "line": 15,
          "column": 36
        },
        "end": {
          "line": 15,
          "column": 54
        }
      },
      "4": {
        "start": {
          "line": 17,
          "column": 47
        },
        "end": {
          "line": 17,
          "column": 56
        }
      },
      "5": {
        "start": {
          "line": 20,
          "column": 27
        },
        "end": {
          "line": 24,
          "column": 5
        }
      },
      "6": {
        "start": {
          "line": 22,
          "column": 12
        },
        "end": {
          "line": 22,
          "column": 46
        }
      },
      "7": {
        "start": {
          "line": 27,
          "column": 21
        },
        "end": {
          "line": 91,
          "column": 5
        }
      },
      "8": {
        "start": {
          "line": 30,
          "column": 8
        },
        "end": {
          "line": 90,
          "column": 9
        }
      },
      "9": {
        "start": {
          "line": 31,
          "column": 12
        },
        "end": {
          "line": 79,
          "column": 14
        }
      },
      "10": {
        "start": {
          "line": 34,
          "column": 20
        },
        "end": {
          "line": 34,
          "column": 37
        }
      },
      "11": {
        "start": {
          "line": 39,
          "column": 24
        },
        "end": {
          "line": 43,
          "column": 40
        }
      },
      "12": {
        "start": {
          "line": 44,
          "column": 20
        },
        "end": {
          "line": 76,
          "column": 21
        }
      },
      "13": {
        "start": {
          "line": 45,
          "column": 24
        },
        "end": {
          "line": 53,
          "column": 26
        }
      },
      "14": {
        "start": {
          "line": 55,
          "column": 25
        },
        "end": {
          "line": 76,
          "column": 21
        }
      },
      "15": {
        "start": {
          "line": 56,
          "column": 24
        },
        "end": {
          "line": 64,
          "column": 26
        }
      },
      "16": {
        "start": {
          "line": 65,
          "column": 26
        },
        "end": {
          "line": 76,
          "column": 21
        }
      },
      "17": {
        "start": {
          "line": 66,
          "column": 24
        },
        "end": {
          "line": 74,
          "column": 26
        }
      },
      "18": {
        "start": {
          "line": 75,
          "column": 24
        },
        "end": {
          "line": 75,
          "column": 49
        }
      },
      "19": {
        "start": {
          "line": 81,
          "column": 12
        },
        "end": {
          "line": 89,
          "column": 14
        }
      },
      "20": {
        "start": {
          "line": 92,
          "column": 32
        },
        "end": {
          "line": 96,
          "column": 7
        }
      },
      "21": {
        "start": {
          "line": 93,
          "column": 8
        },
        "end": {
          "line": 95,
          "column": 14
        }
      },
      "22": {
        "start": {
          "line": 98,
          "column": 29
        },
        "end": {
          "line": 115,
          "column": 5
        }
      },
      "23": {
        "start": {
          "line": 99,
          "column": 8
        },
        "end": {
          "line": 99,
          "column": 25
        }
      },
      "24": {
        "start": {
          "line": 100,
          "column": 8
        },
        "end": {
          "line": 112,
          "column": 14
        }
      },
      "25": {
        "start": {
          "line": 102,
          "column": 16
        },
        "end": {
          "line": 102,
          "column": 33
        }
      },
      "26": {
        "start": {
          "line": 103,
          "column": 16
        },
        "end": {
          "line": 111,
          "column": 18
        }
      },
      "27": {
        "start": {
          "line": 113,
          "column": 8
        },
        "end": {
          "line": 113,
          "column": 35
        }
      },
      "28": {
        "start": {
          "line": 116,
          "column": 52
        },
        "end": {
          "line": 116,
          "column": 73
        }
      },
      "29": {
        "start": {
          "line": 118,
          "column": 4
        },
        "end": {
          "line": 227,
          "column": 6
        }
      },
      "30": {
        "start": {
          "line": 159,
          "column": 43
        },
        "end": {
          "line": 159,
          "column": 67
        }
      },
      "31": {
        "start": {
          "line": 183,
          "column": 43
        },
        "end": {
          "line": 183,
          "column": 70
        }
      }
    },
    "fnMap": {
      "0": {
        "name": "(anonymous_0)",
        "decl": {
          "start": {
            "line": 11,
            "column": 24
          },
          "end": {
            "line": 11,
            "column": 25
          }
        },
        "loc": {
          "start": {
            "line": 11,
            "column": 35
          },
          "end": {
            "line": 228,
            "column": 1
          }
        },
        "line": 11
      },
      "1": {
        "name": "(anonymous_1)",
        "decl": {
          "start": {
            "line": 20,
            "column": 27
          },
          "end": {
            "line": 20,
            "column": 28
          }
        },
        "loc": {
          "start": {
            "line": 20,
            "column": 33
          },
          "end": {
            "line": 24,
            "column": 5
          }
        },
        "line": 20
      },
      "2": {
        "name": "(anonymous_2)",
        "decl": {
          "start": {
            "line": 27,
            "column": 21
          },
          "end": {
            "line": 27,
            "column": 22
          }
        },
        "loc": {
          "start": {
            "line": 27,
            "column": 27
          },
          "end": {
            "line": 91,
            "column": 5
          }
        },
        "line": 27
      },
      "3": {
        "name": "(anonymous_3)",
        "decl": {
          "start": {
            "line": 32,
            "column": 16
          },
          "end": {
            "line": 32,
            "column": 17
          }
        },
        "loc": {
          "start": {
            "line": 32,
            "column": 30
          },
          "end": {
            "line": 36,
            "column": 17
          }
        },
        "line": 32
      },
      "4": {
        "name": "(anonymous_4)",
        "decl": {
          "start": {
            "line": 37,
            "column": 16
          },
          "end": {
            "line": 37,
            "column": 17
          }
        },
        "loc": {
          "start": {
            "line": 37,
            "column": 25
          },
          "end": {
            "line": 78,
            "column": 17
          }
        },
        "line": 37
      },
      "5": {
        "name": "(anonymous_5)",
        "decl": {
          "start": {
            "line": 92,
            "column": 32
          },
          "end": {
            "line": 92,
            "column": 33
          }
        },
        "loc": {
          "start": {
            "line": 93,
            "column": 8
          },
          "end": {
            "line": 95,
            "column": 14
          }
        },
        "line": 93
      },
      "6": {
        "name": "(anonymous_6)",
        "decl": {
          "start": {
            "line": 98,
            "column": 29
          },
          "end": {
            "line": 98,
            "column": 30
          }
        },
        "loc": {
          "start": {
            "line": 98,
            "column": 35
          },
          "end": {
            "line": 115,
            "column": 5
          }
        },
        "line": 98
      },
      "7": {
        "name": "(anonymous_7)",
        "decl": {
          "start": {
            "line": 101,
            "column": 12
          },
          "end": {
            "line": 101,
            "column": 13
          }
        },
        "loc": {
          "start": {
            "line": 101,
            "column": 24
          },
          "end": {
            "line": 112,
            "column": 13
          }
        },
        "line": 101
      },
      "8": {
        "name": "(anonymous_8)",
        "decl": {
          "start": {
            "line": 159,
            "column": 38
          },
          "end": {
            "line": 159,
            "column": 39
          }
        },
        "loc": {
          "start": {
            "line": 159,
            "column": 43
          },
          "end": {
            "line": 159,
            "column": 67
          }
        },
        "line": 159
      },
      "9": {
        "name": "(anonymous_9)",
        "decl": {
          "start": {
            "line": 183,
            "column": 38
          },
          "end": {
            "line": 183,
            "column": 39
          }
        },
        "loc": {
          "start": {
            "line": 183,
            "column": 43
          },
          "end": {
            "line": 183,
            "column": 70
          }
        },
        "line": 183
      }
    },
    "branchMap": {
      "0": {
        "loc": {
          "start": {
            "line": 30,
            "column": 8
          },
          "end": {
            "line": 90,
            "column": 9
          }
        },
        "type": "if",
        "locations": [
          {
            "start": {
              "line": 30,
              "column": 8
            },
            "end": {
              "line": 90,
              "column": 9
            }
          },
          {
            "start": {
              "line": 30,
              "column": 8
            },
            "end": {
              "line": 90,
              "column": 9
            }
          }
        ],
        "line": 30
      },
      "1": {
        "loc": {
          "start": {
            "line": 39,
            "column": 24
          },
          "end": {
            "line": 43,
            "column": 40
          }
        },
        "type": "binary-expr",
        "locations": [
          {
            "start": {
              "line": 39,
              "column": 25
            },
            "end": {
              "line": 39,
              "column": 39
            }
          },
          {
            "start": {
              "line": 40,
              "column": 28
            },
            "end": {
              "line": 40,
              "column": 47
            }
          },
          {
            "start": {
              "line": 41,
              "column": 28
            },
            "end": {
              "line": 41,
              "column": 55
            }
          },
          {
            "start": {
              "line": 42,
              "column": 24
            },
            "end": {
              "line": 42,
              "column": 37
            }
          },
          {
            "start": {
              "line": 43,
              "column": 24
            },
            "end": {
              "line": 43,
              "column": 40
            }
          }
        ],
        "line": 39
      },
      "2": {
        "loc": {
          "start": {
            "line": 44,
            "column": 20
          },
          "end": {
            "line": 76,
            "column": 21
          }
        },
        "type": "if",
        "locations": [
          {
            "start": {
              "line": 44,
              "column": 20
            },
            "end": {
              "line": 76,
              "column": 21
            }
          },
          {
            "start": {
              "line": 44,
              "column": 20
            },
            "end": {
              "line": 76,
              "column": 21
            }
          }
        ],
        "line": 44
      },
      "3": {
        "loc": {
          "start": {
            "line": 55,
            "column": 25
          },
          "end": {
            "line": 76,
            "column": 21
          }
        },
        "type": "if",
        "locations": [
          {
            "start": {
              "line": 55,
              "column": 25
            },
            "end": {
              "line": 76,
              "column": 21
            }
          },
          {
            "start": {
              "line": 55,
              "column": 25
            },
            "end": {
              "line": 76,
              "column": 21
            }
          }
        ],
        "line": 55
      },
      "4": {
        "loc": {
          "start": {
            "line": 65,
            "column": 26
          },
          "end": {
            "line": 76,
            "column": 21
          }
        },
        "type": "if",
        "locations": [
          {
            "start": {
              "line": 65,
              "column": 26
            },
            "end": {
              "line": 76,
              "column": 21
            }
          },
          {
            "start": {
              "line": 65,
              "column": 26
            },
            "end": {
              "line": 76,
              "column": 21
            }
          }
        ],
        "line": 65
      },
      "5": {
        "loc": {
          "start": {
            "line": 154,
            "column": 40
          },
          "end": {
            "line": 154,
            "column": 80
          }
        },
        "type": "cond-expr",
        "locations": [
          {
            "start": {
              "line": 154,
              "column": 55
            },
            "end": {
              "line": 154,
              "column": 75
            }
          },
          {
            "start": {
              "line": 154,
              "column": 78
            },
            "end": {
              "line": 154,
              "column": 80
            }
          }
        ],
        "line": 154
      },
      "6": {
        "loc": {
          "start": {
            "line": 179,
            "column": 40
          },
          "end": {
            "line": 179,
            "column": 86
          }
        },
        "type": "cond-expr",
        "locations": [
          {
            "start": {
              "line": 179,
              "column": 58
            },
            "end": {
              "line": 179,
              "column": 81
            }
          },
          {
            "start": {
              "line": 179,
              "column": 84
            },
            "end": {
              "line": 179,
              "column": 86
            }
          }
        ],
        "line": 179
      },
      "7": {
        "loc": {
          "start": {
            "line": 201,
            "column": 25
          },
          "end": {
            "line": 210,
            "column": 34
          }
        },
        "type": "cond-expr",
        "locations": [
          {
            "start": {
              "line": 202,
              "column": 28
            },
            "end": {
              "line": 209,
              "column": 34
            }
          },
          {
            "start": {
              "line": 210,
              "column": 30
            },
            "end": {
              "line": 210,
              "column": 34
            }
          }
        ],
        "line": 201
      }
    },
    "s": {
      "0": 54,
      "1": 345,
      "2": 345,
      "3": 345,
      "4": 345,
      "5": 345,
      "6": 4,
      "7": 345,
      "8": 10,
      "9": 8,
      "10": 4,
      "11": 4,
      "12": 4,
      "13": 2,
      "14": 2,
      "15": 1,
      "16": 1,
      "17": 1,
      "18": 1,
      "19": 2,
      "20": 345,
      "21": 1,
      "22": 345,
      "23": 1,
      "24": 1,
      "25": 1,
      "26": 1,
      "27": 1,
      "28": 345,
      "29": 345,
      "30": 169,
      "31": 120
    },
    "f": {
      "0": 345,
      "1": 4,
      "2": 10,
      "3": 4,
      "4": 4,
      "5": 1,
      "6": 1,
      "7": 1,
      "8": 169,
      "9": 120
    },
    "b": {
      "0": [
        8,
        2
      ],
      "1": [
        4,
        4,
        4,
        1,
        0
      ],
      "2": [
        2,
        2
      ],
      "3": [
        1,
        1
      ],
      "4": [
        1,
        0
      ],
      "5": [
        2,
        343
      ],
      "6": [
        2,
        343
      ],
      "7": [
        1,
        344
      ]
    },
    "_coverageSchema": "1a1c01bbd47fc00a2c39e90264f33305004495a9",
    "hash": "32a00275a840e32f35482d913b8130613c215696"
  },
  "C:\\Users\\Alex\\Desktop\\HIOA\\Bachelor\\Bookora-bitbucket\\bookquorareact\\src\\service\\Authentication\\protectedRoute.js": {
    "path": "C:\\Users\\Alex\\Desktop\\HIOA\\Bachelor\\Bookora-bitbucket\\bookquorareact\\src\\service\\Authentication\\protectedRoute.js",
    "statementMap": {
      "0": {
        "start": {
          "line": 5,
          "column": 30
        },
        "end": {
          "line": 28,
          "column": 1
        }
      },
      "1": {
        "start": {
          "line": 7,
          "column": 4
        },
        "end": {
          "line": 27,
          "column": 6
        }
      },
      "2": {
        "start": {
          "line": 12,
          "column": 16
        },
        "end": {
          "line": 24,
          "column": 17
        }
      },
      "3": {
        "start": {
          "line": 13,
          "column": 20
        },
        "end": {
          "line": 13,
          "column": 51
        }
      },
      "4": {
        "start": {
          "line": 16,
          "column": 20
        },
        "end": {
          "line": 23,
          "column": 24
        }
      }
    },
    "fnMap": {
      "0": {
        "name": "(anonymous_0)",
        "decl": {
          "start": {
            "line": 5,
            "column": 30
          },
          "end": {
            "line": 5,
            "column": 31
          }
        },
        "loc": {
          "start": {
            "line": 5,
            "column": 69
          },
          "end": {
            "line": 28,
            "column": 1
          }
        },
        "line": 5
      },
      "1": {
        "name": "(anonymous_1)",
        "decl": {
          "start": {
            "line": 10,
            "column": 20
          },
          "end": {
            "line": 10,
            "column": 21
          }
        },
        "loc": {
          "start": {
            "line": 10,
            "column": 29
          },
          "end": {
            "line": 25,
            "column": 13
          }
        },
        "line": 10
      }
    },
    "branchMap": {
      "0": {
        "loc": {
          "start": {
            "line": 12,
            "column": 16
          },
          "end": {
            "line": 24,
            "column": 17
          }
        },
        "type": "if",
        "locations": [
          {
            "start": {
              "line": 12,
              "column": 16
            },
            "end": {
              "line": 24,
              "column": 17
            }
          },
          {
            "start": {
              "line": 12,
              "column": 16
            },
            "end": {
              "line": 24,
              "column": 17
            }
          }
        ],
        "line": 12
      }
    },
    "s": {
      "0": 54,
      "1": 32,
      "2": 8,
      "3": 8,
      "4": 0
    },
    "f": {
      "0": 32,
      "1": 8
    },
    "b": {
      "0": [
        8,
        0
      ]
    },
    "_coverageSchema": "1a1c01bbd47fc00a2c39e90264f33305004495a9",
    "hash": "b6933b40a8c026f7529125e04cf1a2e25980afb8"
  },
  "C:\\Users\\Alex\\Desktop\\HIOA\\Bachelor\\Bookora-bitbucket\\bookquorareact\\src\\Component\\Login\\NewPassword.js": {
    "path": "C:\\Users\\Alex\\Desktop\\HIOA\\Bachelor\\Bookora-bitbucket\\bookquorareact\\src\\Component\\Login\\NewPassword.js",
    "statementMap": {
      "0": {
        "start": {
          "line": 9,
          "column": 20
        },
        "end": {
          "line": 188,
          "column": 1
        }
      },
      "1": {
        "start": {
          "line": 10,
          "column": 36
        },
        "end": {
          "line": 10,
          "column": 54
        }
      },
      "2": {
        "start": {
          "line": 11,
          "column": 54
        },
        "end": {
          "line": 11,
          "column": 63
        }
      },
      "3": {
        "start": {
          "line": 12,
          "column": 34
        },
        "end": {
          "line": 12,
          "column": 55
        }
      },
      "4": {
        "start": {
          "line": 13,
          "column": 18
        },
        "end": {
          "line": 13,
          "column": 29
        }
      },
      "5": {
        "start": {
          "line": 15,
          "column": 23
        },
        "end": {
          "line": 21,
          "column": 5
        }
      },
      "6": {
        "start": {
          "line": 16,
          "column": 8
        },
        "end": {
          "line": 19,
          "column": 17
        }
      },
      "7": {
        "start": {
          "line": 17,
          "column": 12
        },
        "end": {
          "line": 17,
          "column": 29
        }
      },
      "8": {
        "start": {
          "line": 18,
          "column": 12
        },
        "end": {
          "line": 18,
          "column": 36
        }
      },
      "9": {
        "start": {
          "line": 20,
          "column": 8
        },
        "end": {
          "line": 20,
          "column": 25
        }
      },
      "10": {
        "start": {
          "line": 22,
          "column": 21
        },
        "end": {
          "line": 91,
          "column": 5
        }
      },
      "11": {
        "start": {
          "line": 24,
          "column": 8
        },
        "end": {
          "line": 89,
          "column": 10
        }
      },
      "12": {
        "start": {
          "line": 26,
          "column": 16
        },
        "end": {
          "line": 34,
          "column": 18
        }
      },
      "13": {
        "start": {
          "line": 35,
          "column": 16
        },
        "end": {
          "line": 35,
          "column": 29
        }
      },
      "14": {
        "start": {
          "line": 38,
          "column": 20
        },
        "end": {
          "line": 42,
          "column": 36
        }
      },
      "15": {
        "start": {
          "line": 43,
          "column": 16
        },
        "end": {
          "line": 86,
          "column": 17
        }
      },
      "16": {
        "start": {
          "line": 44,
          "column": 20
        },
        "end": {
          "line": 52,
          "column": 22
        }
      },
      "17": {
        "start": {
          "line": 53,
          "column": 23
        },
        "end": {
          "line": 86,
          "column": 17
        }
      },
      "18": {
        "start": {
          "line": 55,
          "column": 20
        },
        "end": {
          "line": 63,
          "column": 22
        }
      },
      "19": {
        "start": {
          "line": 64,
          "column": 23
        },
        "end": {
          "line": 86,
          "column": 17
        }
      },
      "20": {
        "start": {
          "line": 66,
          "column": 20
        },
        "end": {
          "line": 74,
          "column": 22
        }
      },
      "21": {
        "start": {
          "line": 77,
          "column": 20
        },
        "end": {
          "line": 85,
          "column": 22
        }
      },
      "22": {
        "start": {
          "line": 92,
          "column": 4
        },
        "end": {
          "line": 187,
          "column": 5
        }
      },
      "23": {
        "start": {
          "line": 122,
          "column": 43
        },
        "end": {
          "line": 122,
          "column": 70
        }
      },
      "24": {
        "start": {
          "line": 137,
          "column": 51
        },
        "end": {
          "line": 137,
          "column": 106
        }
      }
    },
    "fnMap": {
      "0": {
        "name": "(anonymous_0)",
        "decl": {
          "start": {
            "line": 9,
            "column": 20
          },
          "end": {
            "line": 9,
            "column": 21
          }
        },
        "loc": {
          "start": {
            "line": 9,
            "column": 31
          },
          "end": {
            "line": 188,
            "column": 1
          }
        },
        "line": 9
      },
      "1": {
        "name": "(anonymous_1)",
        "decl": {
          "start": {
            "line": 15,
            "column": 23
          },
          "end": {
            "line": 15,
            "column": 24
          }
        },
        "loc": {
          "start": {
            "line": 15,
            "column": 30
          },
          "end": {
            "line": 21,
            "column": 5
          }
        },
        "line": 15
      },
      "2": {
        "name": "(anonymous_2)",
        "decl": {
          "start": {
            "line": 16,
            "column": 19
          },
          "end": {
            "line": 16,
            "column": 20
          }
        },
        "loc": {
          "start": {
            "line": 16,
            "column": 25
          },
          "end": {
            "line": 19,
            "column": 9
          }
        },
        "line": 16
      },
      "3": {
        "name": "(anonymous_3)",
        "decl": {
          "start": {
            "line": 22,
            "column": 21
          },
          "end": {
            "line": 22,
            "column": 22
          }
        },
        "loc": {
          "start": {
            "line": 22,
            "column": 27
          },
          "end": {
            "line": 91,
            "column": 5
          }
        },
        "line": 22
      },
      "4": {
        "name": "(anonymous_4)",
        "decl": {
          "start": {
            "line": 25,
            "column": 12
          },
          "end": {
            "line": 25,
            "column": 13
          }
        },
        "loc": {
          "start": {
            "line": 25,
            "column": 24
          },
          "end": {
            "line": 36,
            "column": 13
          }
        },
        "line": 25
      },
      "5": {
        "name": "(anonymous_5)",
        "decl": {
          "start": {
            "line": 36,
            "column": 15
          },
          "end": {
            "line": 36,
            "column": 16
          }
        },
        "loc": {
          "start": {
            "line": 36,
            "column": 24
          },
          "end": {
            "line": 88,
            "column": 13
          }
        },
        "line": 36
      },
      "6": {
        "name": "(anonymous_6)",
        "decl": {
          "start": {
            "line": 122,
            "column": 38
          },
          "end": {
            "line": 122,
            "column": 39
          }
        },
        "loc": {
          "start": {
            "line": 122,
            "column": 43
          },
          "end": {
            "line": 122,
            "column": 70
          }
        },
        "line": 122
      },
      "7": {
        "name": "(anonymous_7)",
        "decl": {
          "start": {
            "line": 137,
            "column": 42
          },
          "end": {
            "line": 137,
            "column": 43
          }
        },
        "loc": {
          "start": {
            "line": 137,
            "column": 51
          },
          "end": {
            "line": 137,
            "column": 106
          }
        },
        "line": 137
      }
    },
    "branchMap": {
      "0": {
        "loc": {
          "start": {
            "line": 38,
            "column": 20
          },
          "end": {
            "line": 42,
            "column": 36
          }
        },
        "type": "binary-expr",
        "locations": [
          {
            "start": {
              "line": 38,
              "column": 21
            },
            "end": {
              "line": 38,
              "column": 35
            }
          },
          {
            "start": {
              "line": 39,
              "column": 24
            },
            "end": {
              "line": 39,
              "column": 43
            }
          },
          {
            "start": {
              "line": 40,
              "column": 24
            },
            "end": {
              "line": 40,
              "column": 51
            }
          },
          {
            "start": {
              "line": 41,
              "column": 20
            },
            "end": {
              "line": 41,
              "column": 33
            }
          },
          {
            "start": {
              "line": 42,
              "column": 20
            },
            "end": {
              "line": 42,
              "column": 36
            }
          }
        ],
        "line": 38
      },
      "1": {
        "loc": {
          "start": {
            "line": 43,
            "column": 16
          },
          "end": {
            "line": 86,
            "column": 17
          }
        },
        "type": "if",
        "locations": [
          {
            "start": {
              "line": 43,
              "column": 16
            },
            "end": {
              "line": 86,
              "column": 17
            }
          },
          {
            "start": {
              "line": 43,
              "column": 16
            },
            "end": {
              "line": 86,
              "column": 17
            }
          }
        ],
        "line": 43
      },
      "2": {
        "loc": {
          "start": {
            "line": 53,
            "column": 23
          },
          "end": {
            "line": 86,
            "column": 17
          }
        },
        "type": "if",
        "locations": [
          {
            "start": {
              "line": 53,
              "column": 23
            },
            "end": {
              "line": 86,
              "column": 17
            }
          },
          {
            "start": {
              "line": 53,
              "column": 23
            },
            "end": {
              "line": 86,
              "column": 17
            }
          }
        ],
        "line": 53
      },
      "3": {
        "loc": {
          "start": {
            "line": 64,
            "column": 23
          },
          "end": {
            "line": 86,
            "column": 17
          }
        },
        "type": "if",
        "locations": [
          {
            "start": {
              "line": 64,
              "column": 23
            },
            "end": {
              "line": 86,
              "column": 17
            }
          },
          {
            "start": {
              "line": 64,
              "column": 23
            },
            "end": {
              "line": 86,
              "column": 17
            }
          }
        ],
        "line": 64
      },
      "4": {
        "loc": {
          "start": {
            "line": 119,
            "column": 40
          },
          "end": {
            "line": 119,
            "column": 86
          }
        },
        "type": "cond-expr",
        "locations": [
          {
            "start": {
              "line": 119,
              "column": 58
            },
            "end": {
              "line": 119,
              "column": 81
            }
          },
          {
            "start": {
              "line": 119,
              "column": 84
            },
            "end": {
              "line": 119,
              "column": 86
            }
          }
        ],
        "line": 119
      },
      "5": {
        "loc": {
          "start": {
            "line": 137,
            "column": 51
          },
          "end": {
            "line": 137,
            "column": 106
          }
        },
        "type": "binary-expr",
        "locations": [
          {
            "start": {
              "line": 137,
              "column": 51
            },
            "end": {
              "line": 137,
              "column": 78
            }
          },
          {
            "start": {
              "line": 137,
              "column": 82
            },
            "end": {
              "line": 137,
              "column": 106
            }
          }
        ],
        "line": 137
      },
      "6": {
        "loc": {
          "start": {
            "line": 140,
            "column": 40
          },
          "end": {
            "line": 140,
            "column": 100
          }
        },
        "type": "cond-expr",
        "locations": [
          {
            "start": {
              "line": 140,
              "column": 65
            },
            "end": {
              "line": 140,
              "column": 95
            }
          },
          {
            "start": {
              "line": 140,
              "column": 98
            },
            "end": {
              "line": 140,
              "column": 100
            }
          }
        ],
        "line": 140
      },
      "7": {
        "loc": {
          "start": {
            "line": 170,
            "column": 25
          },
          "end": {
            "line": 179,
            "column": 34
          }
        },
        "type": "cond-expr",
        "locations": [
          {
            "start": {
              "line": 171,
              "column": 28
            },
            "end": {
              "line": 178,
              "column": 34
            }
          },
          {
            "start": {
              "line": 179,
              "column": 30
            },
            "end": {
              "line": 179,
              "column": 34
            }
          }
        ],
        "line": 170
      }
    },
    "s": {
      "0": 54,
      "1": 0,
      "2": 0,
      "3": 0,
      "4": 0,
      "5": 0,
      "6": 0,
      "7": 0,
      "8": 0,
      "9": 0,
      "10": 0,
      "11": 0,
      "12": 0,
      "13": 0,
      "14": 0,
      "15": 0,
      "16": 0,
      "17": 0,
      "18": 0,
      "19": 0,
      "20": 0,
      "21": 0,
      "22": 0,
      "23": 0,
      "24": 0
    },
    "f": {
      "0": 0,
      "1": 0,
      "2": 0,
      "3": 0,
      "4": 0,
      "5": 0,
      "6": 0,
      "7": 0
    },
    "b": {
      "0": [
        0,
        0,
        0,
        0,
        0
      ],
      "1": [
        0,
        0
      ],
      "2": [
        0,
        0
      ],
      "3": [
        0,
        0
      ],
      "4": [
        0,
        0
      ],
      "5": [
        0,
        0
      ],
      "6": [
        0,
        0
      ],
      "7": [
        0,
        0
      ]
    },
    "_coverageSchema": "1a1c01bbd47fc00a2c39e90264f33305004495a9",
    "hash": "2b3b6688b1343bda9160e1fbeec9d6cc63ecee52"
  },
  "C:\\Users\\Alex\\Desktop\\HIOA\\Bachelor\\Bookora-bitbucket\\bookquorareact\\src\\Modal\\About\\aboutBookora.js": {
    "path": "C:\\Users\\Alex\\Desktop\\HIOA\\Bachelor\\Bookora-bitbucket\\bookquorareact\\src\\Modal\\About\\aboutBookora.js",
    "statementMap": {
      "0": {
        "start": {
          "line": 4,
          "column": 21
        },
        "end": {
          "line": 19,
          "column": 1
        }
      },
      "1": {
        "start": {
          "line": 8,
          "column": 4
        },
        "end": {
          "line": 18,
          "column": 6
        }
      }
    },
    "fnMap": {
      "0": {
        "name": "(anonymous_0)",
        "decl": {
          "start": {
            "line": 4,
            "column": 21
          },
          "end": {
            "line": 4,
            "column": 22
          }
        },
        "loc": {
          "start": {
            "line": 4,
            "column": 32
          },
          "end": {
            "line": 19,
            "column": 1
          }
        },
        "line": 4
      }
    },
    "branchMap": {},
    "s": {
      "0": 54,
      "1": 0
    },
    "f": {
      "0": 0
    },
    "b": {},
    "_coverageSchema": "1a1c01bbd47fc00a2c39e90264f33305004495a9",
    "hash": "50347ebe8147b5776913b626f319f038e6717acf"
  },
  "C:\\Users\\Alex\\Desktop\\HIOA\\Bachelor\\Bookora-bitbucket\\bookquorareact\\src\\Component\\Booking\\ConfirmBooking.js": {
    "path": "C:\\Users\\Alex\\Desktop\\HIOA\\Bachelor\\Bookora-bitbucket\\bookquorareact\\src\\Component\\Booking\\ConfirmBooking.js",
    "statementMap": {
      "0": {
        "start": {
          "line": 6,
          "column": 4
        },
        "end": {
          "line": 48,
          "column": 6
        }
      }
    },
    "fnMap": {
      "0": {
        "name": "BookDialog",
        "decl": {
          "start": {
            "line": 5,
            "column": 12
          },
          "end": {
            "line": 5,
            "column": 22
          }
        },
        "loc": {
          "start": {
            "line": 5,
            "column": 30
          },
          "end": {
            "line": 49,
            "column": 1
          }
        },
        "line": 5
      }
    },
    "branchMap": {
      "0": {
        "loc": {
          "start": {
            "line": 24,
            "column": 21
          },
          "end": {
            "line": 33,
            "column": 30
          }
        },
        "type": "cond-expr",
        "locations": [
          {
            "start": {
              "line": 25,
              "column": 24
            },
            "end": {
              "line": 32,
              "column": 30
            }
          },
          {
            "start": {
              "line": 33,
              "column": 26
            },
            "end": {
              "line": 33,
              "column": 30
            }
          }
        ],
        "line": 24
      }
    },
    "s": {
      "0": 8
    },
    "f": {
      "0": 8
    },
    "b": {
      "0": [
        0,
        8
      ]
    },
    "_coverageSchema": "1a1c01bbd47fc00a2c39e90264f33305004495a9",
    "hash": "9d6a0a212eb2b7512807ad5348e6fb476f5af1ac"
  },
  "C:\\Users\\Alex\\Desktop\\HIOA\\Bachelor\\Bookora-bitbucket\\bookquorareact\\src\\service\\BookingService\\mapService.js": {
    "path": "C:\\Users\\Alex\\Desktop\\HIOA\\Bachelor\\Bookora-bitbucket\\bookquorareact\\src\\service\\BookingService\\mapService.js",
    "statementMap": {
      "0": {
        "start": {
          "line": 5,
          "column": 16
        },
        "end": {
          "line": 5,
          "column": 59
        }
      },
      "1": {
        "start": {
          "line": 6,
          "column": 15
        },
        "end": {
          "line": 6,
          "column": 52
        }
      },
      "2": {
        "start": {
          "line": 7,
          "column": 17
        },
        "end": {
          "line": 7,
          "column": 48
        }
      },
      "3": {
        "start": {
          "line": 14,
          "column": 20
        },
        "end": {
          "line": 14,
          "column": 54
        }
      },
      "4": {
        "start": {
          "line": 15,
          "column": 24
        },
        "end": {
          "line": 20,
          "column": 10
        }
      },
      "5": {
        "start": {
          "line": 23,
          "column": 4
        },
        "end": {
          "line": 23,
          "column": 20
        }
      },
      "6": {
        "start": {
          "line": 27,
          "column": 15
        },
        "end": {
          "line": 27,
          "column": 49
        }
      },
      "7": {
        "start": {
          "line": 28,
          "column": 21
        },
        "end": {
          "line": 39,
          "column": 5
        }
      },
      "8": {
        "start": {
          "line": 40,
          "column": 4
        },
        "end": {
          "line": 40,
          "column": 20
        }
      },
      "9": {
        "start": {
          "line": 44,
          "column": 15
        },
        "end": {
          "line": 44,
          "column": 49
        }
      },
      "10": {
        "start": {
          "line": 45,
          "column": 22
        },
        "end": {
          "line": 63,
          "column": 6
        }
      },
      "11": {
        "start": {
          "line": 54,
          "column": 13
        },
        "end": {
          "line": 59,
          "column": 14
        }
      },
      "12": {
        "start": {
          "line": 56,
          "column": 17
        },
        "end": {
          "line": 56,
          "column": 37
        }
      },
      "13": {
        "start": {
          "line": 57,
          "column": 17
        },
        "end": {
          "line": 57,
          "column": 42
        }
      },
      "14": {
        "start": {
          "line": 58,
          "column": 17
        },
        "end": {
          "line": 58,
          "column": 102
        }
      },
      "15": {
        "start": {
          "line": 61,
          "column": 13
        },
        "end": {
          "line": 61,
          "column": 26
        }
      },
      "16": {
        "start": {
          "line": 65,
          "column": 4
        },
        "end": {
          "line": 65,
          "column": 20
        }
      }
    },
    "fnMap": {
      "0": {
        "name": "getZoneList",
        "decl": {
          "start": {
            "line": 11,
            "column": 22
          },
          "end": {
            "line": 11,
            "column": 33
          }
        },
        "loc": {
          "start": {
            "line": 11,
            "column": 41
          },
          "end": {
            "line": 24,
            "column": 5
          }
        },
        "line": 11
      },
      "1": {
        "name": "BookPlass",
        "decl": {
          "start": {
            "line": 26,
            "column": 22
          },
          "end": {
            "line": 26,
            "column": 31
          }
        },
        "loc": {
          "start": {
            "line": 26,
            "column": 59
          },
          "end": {
            "line": 41,
            "column": 1
          }
        },
        "line": 26
      },
      "2": {
        "name": "CheckStatusOfAllZones",
        "decl": {
          "start": {
            "line": 42,
            "column": 22
          },
          "end": {
            "line": 42,
[...]
          "start": {
            "line": 34,
            "column": 42
          },
          "end": {
            "line": 53,
            "column": 5
          }
        },
        "line": 34
      },
      "2": {
        "name": "(anonymous_2)",
        "decl": {
          "start": {
            "line": 43,
            "column": 43
          },
          "end": {
            "line": 43,
            "column": 44
          }
        },
        "loc": {
          "start": {
            "line": 43,
            "column": 49
          },
          "end": {
            "line": 48,
            "column": 9
          }
        },
        "line": 43
      },
      "3": {
        "name": "registerValidSW",
        "decl": {
          "start": {
            "line": 57,
            "column": 9
          },
          "end": {
            "line": 57,
            "column": 24
          }
        },
        "loc": {
          "start": {
            "line": 57,
            "column": 40
          },
          "end": {
            "line": 99,
            "column": 1
          }
        },
        "line": 57
      },
      "4": {
        "name": "(anonymous_4)",
        "decl": {
          "start": {
            "line": 60,
            "column": 10
          },
          "end": {
            "line": 60,
            "column": 11
          }
        },
        "loc": {
          "start": {
            "line": 60,
            "column": 26
          },
          "end": {
            "line": 95,
            "column": 5
          }
        },
        "line": 60
      },
      "5": {
        "name": "(anonymous_5)",
        "decl": {
          "start": {
            "line": 61,
            "column": 35
          },
          "end": {
            "line": 61,
            "column": 36
          }
        },
        "loc": {
          "start": {
            "line": 61,
            "column": 41
          },
          "end": {
            "line": 94,
            "column": 7
          }
        },
        "line": 61
      },
      "6": {
        "name": "(anonymous_6)",
        "decl": {
          "start": {
            "line": 66,
            "column": 41
          },
          "end": {
            "line": 66,
            "column": 42
          }
        },
        "loc": {
          "start": {
            "line": 66,
            "column": 47
          },
          "end": {
            "line": 93,
            "column": 9
          }
        },
        "line": 66
      },
      "7": {
        "name": "(anonymous_7)",
        "decl": {
          "start": {
            "line": 96,
            "column": 11
          },
          "end": {
            "line": 96,
            "column": 12
          }
        },
        "loc": {
          "start": {
            "line": 96,
            "column": 20
          },
          "end": {
            "line": 98,
            "column": 5
          }
        },
        "line": 96
      },
      "8": {
        "name": "checkValidServiceWorker",
        "decl": {
          "start": {
            "line": 101,
            "column": 9
          },
          "end": {
            "line": 101,
            "column": 32
          }
        },
        "loc": {
          "start": {
            "line": 101,
            "column": 48
          },
          "end": {
            "line": 129,
            "column": 1
          }
        },
        "line": 101
      },
      "9": {
        "name": "(anonymous_9)",
        "decl": {
          "start": {
            "line": 106,
            "column": 10
          },
          "end": {
            "line": 106,
            "column": 11
          }
        },
        "loc": {
          "start": {
            "line": 106,
            "column": 22
          },
          "end": {
            "line": 123,
            "column": 5
          }
        },
        "line": 106
      },
      "10": {
        "name": "(anonymous_10)",
        "decl": {
          "start": {
            "line": 114,
            "column": 43
          },
          "end": {
            "line": 114,
            "column": 44
          }
        },
        "loc": {
          "start": {
            "line": 114,
            "column": 59
          },
          "end": {
            "line": 118,
            "column": 9
          }
        },
        "line": 114
      },
      "11": {
        "name": "(anonymous_11)",
        "decl": {
          "start": {
            "line": 115,
            "column": 41
          },
          "end": {
            "line": 115,
            "column": 42
          }
        },
        "loc": {
          "start": {
            "line": 115,
            "column": 47
          },
          "end": {
            "line": 117,
            "column": 11
          }
        },
        "line": 115
      },
      "12": {
        "name": "(anonymous_12)",
        "decl": {
          "start": {
            "line": 124,
            "column": 11
          },
          "end": {
            "line": 124,
            "column": 12
          }
        },
        "loc": {
          "start": {
            "line": 124,
            "column": 17
          },
          "end": {
            "line": 128,
            "column": 5
          }
        },
        "line": 124
      },
      "13": {
        "name": "unregister",
        "decl": {
          "start": {
            "line": 131,
            "column": 16
          },
          "end": {
            "line": 131,
            "column": 26
          }
        },
        "loc": {
          "start": {
            "line": 131,
            "column": 29
          },
          "end": {
            "line": 141,
            "column": 1
          }
        },
        "line": 131
      },
      "14": {
        "name": "(anonymous_14)",
        "decl": {
          "start": {
            "line": 134,
            "column": 12
          },
          "end": {
            "line": 134,
            "column": 13
          }
        },
        "loc": {
          "start": {
            "line": 134,
            "column": 28
          },
          "end": {
            "line": 136,
            "column": 7
          }
        },
        "line": 134
      },
      "15": {
        "name": "(anonymous_15)",
        "decl": {
          "start": {
            "line": 137,
            "column": 13
          },
          "end": {
            "line": 137,
            "column": 14
          }
        },
        "loc": {
          "start": {
            "line": 137,
            "column": 22
          },
          "end": {
            "line": 139,
            "column": 7
          }
        },
        "line": 137
      }
    },
    "branchMap": {
      "0": {
        "loc": {
          "start": {
            "line": 14,
            "column": 2
          },
          "end": {
            "line": 20,
            "column": 5
          }
        },
        "type": "binary-expr",
        "locations": [
          {
            "start": {
              "line": 14,
              "column": 2
            },
            "end": {
              "line": 14,
              "column": 42
            }
          },
          {
            "start": {
              "line": 16,
              "column": 4
            },
            "end": {
              "line": 16,
              "column": 40
            }
          },
          {
            "start": {
              "line": 18,
              "column": 4
            },
            "end": {
              "line": 20,
              "column": 5
            }
          }
        ],
        "line": 14
      },
      "1": {
        "loc": {
          "start": {
            "line": 24,
            "column": 2
          },
          "end": {
            "line": 54,
            "column": 3
          }
        },
        "type": "if",
        "locations": [
          {
            "start": {
              "line": 24,
              "column": 2
            },
            "end": {
              "line": 54,
              "column": 3
            }
          },
          {
            "start": {
              "line": 24,
              "column": 2
            },
            "end": {
              "line": 54,
              "column": 3
            }
          }
        ],
        "line": 24
      },
      "2": {
        "loc": {
          "start": {
            "line": 24,
            "column": 6
          },
          "end": {
            "line": 24,
            "column": 75
          }
        },
        "type": "binary-expr",
        "locations": [
          {
            "start": {
              "line": 24,
              "column": 6
            },
            "end": {
              "line": 24,
              "column": 43
            }
          },
          {
            "start": {
              "line": 24,
              "column": 47
            },
            "end": {
              "line": 24,
              "column": 75
            }
          }
        ],
        "line": 24
      },
      "3": {
        "loc": {
          "start": {
            "line": 27,
            "column": 4
          },
          "end": {
            "line": 32,
            "column": 5
          }
        },
        "type": "if",
        "locations": [
          {
            "start": {
              "line": 27,
              "column": 4
            },
            "end": {
              "line": 32,
              "column": 5
            }
          },
          {
            "start": {
              "line": 27,
              "column": 4
            },
            "end": {
              "line": 32,
              "column": 5
            }
          }
        ],
        "line": 27
      },
      "4": {
        "loc": {
          "start": {
            "line": 37,
            "column": 6
          },
          "end": {
            "line": 52,
            "column": 7
          }
        },
        "type": "if",
        "locations": [
          {
            "start": {
              "line": 37,
              "column": 6
            },
            "end": {
              "line": 52,
              "column": 7
            }
          },
          {
            "start": {
              "line": 37,
              "column": 6
            },
            "end": {
              "line": 52,
              "column": 7
            }
          }
        ],
        "line": 37
      },
      "5": {
        "loc": {
          "start": {
            "line": 63,
            "column": 8
          },
          "end": {
            "line": 65,
            "column": 9
          }
        },
        "type": "if",
        "locations": [
          {
            "start": {
              "line": 63,
              "column": 8
            },
            "end": {
              "line": 65,
              "column": 9
            }
          },
          {
            "start": {
              "line": 63,
              "column": 8
            },
            "end": {
              "line": 65,
              "column": 9
            }
          }
        ],
        "line": 63
      },
      "6": {
        "loc": {
          "start": {
            "line": 67,
            "column": 10
          },
          "end": {
            "line": 92,
            "column": 11
          }
        },
        "type": "if",
        "locations": [
          {
            "start": {
              "line": 67,
              "column": 10
            },
            "end": {
              "line": 92,
              "column": 11
            }
          },
          {
            "start": {
              "line": 67,
              "column": 10
            },
            "end": {
              "line": 92,
              "column": 11
            }
          }
        ],
        "line": 67
      },
      "7": {
        "loc": {
          "start": {
            "line": 68,
            "column": 12
          },
          "end": {
            "line": 91,
            "column": 13
          }
        },
        "type": "if",
        "locations": [
          {
            "start": {
              "line": 68,
              "column": 12
            },
            "end": {
              "line": 91,
              "column": 13
            }
          },
          {
            "start": {
              "line": 68,
              "column": 12
            },
            "end": {
              "line": 91,
              "column": 13
            }
          }
        ],
        "line": 68
      },
      "8": {
        "loc": {
          "start": {
            "line": 78,
            "column": 14
          },
          "end": {
            "line": 80,
            "column": 15
          }
        },
        "type": "if",
        "locations": [
          {
            "start": {
              "line": 78,
              "column": 14
            },
            "end": {
              "line": 80,
              "column": 15
            }
          },
          {
            "start": {
              "line": 78,
              "column": 14
            },
            "end": {
              "line": 80,
              "column": 15
            }
          }
        ],
        "line": 78
      },
      "9": {
        "loc": {
          "start": {
            "line": 78,
            "column": 18
          },
          "end": {
            "line": 78,
            "column": 43
          }
        },
        "type": "binary-expr",
        "locations": [
          {
            "start": {
              "line": 78,
              "column": 18
            },
            "end": {
              "line": 78,
              "column": 24
            }
          },
          {
            "start": {
              "line": 78,
              "column": 28
            },
            "end": {
              "line": 78,
              "column": 43
            }
          }
        ],
        "line": 78
      },
      "10": {
        "loc": {
          "start": {
            "line": 88,
            "column": 14
          },
          "end": {
            "line": 90,
            "column": 15
          }
        },
        "type": "if",
        "locations": [
          {
            "start": {
              "line": 88,
              "column": 14
            },
            "end": {
              "line": 90,
              "column": 15
            }
          },
          {
            "start": {
              "line": 88,
              "column": 14
            },
            "end": {
              "line": 90,
              "column": 15
            }
          }
        ],
        "line": 88
      },
      "11": {
        "loc": {
          "start": {
            "line": 88,
            "column": 18
          },
          "end": {
            "line": 88,
            "column": 44
          }
        },
        "type": "binary-expr",
        "locations": [
          {
            "start": {
              "line": 88,
              "column": 18
            },
            "end": {
              "line": 88,
              "column": 24
            }
          },
          {
            "start": {
              "line": 88,
              "column": 28
            },
            "end": {
              "line": 88,
              "column": 44
            }
          }
        ],
        "line": 88
      },
      "12": {
        "loc": {
          "start": {
            "line": 109,
            "column": 6
          },
          "end": {
            "line": 122,
            "column": 7
          }
        },
        "type": "if",
        "locations": [
          {
            "start": {
              "line": 109,
              "column": 6
            },
            "end": {
              "line": 122,
              "column": 7
            }
          },
          {
            "start": {
              "line": 109,
              "column": 6
            },
            "end": {
              "line": 122,
              "column": 7
            }
          }
        ],
        "line": 109
      },
      "13": {
        "loc": {
          "start": {
            "line": 110,
            "column": 8
          },
          "end": {
            "line": 111,
            "column": 73
          }
        },
        "type": "binary-expr",
        "locations": [
          {
            "start": {
              "line": 110,
              "column": 8
            },
            "end": {
              "line": 110,
              "column": 31
            }
          },
          {
            "start": {
              "line": 111,
              "column": 9
            },
            "end": {
              "line": 111,
              "column": 28
            }
          },
          {
            "start": {
              "line": 111,
              "column": 32
            },
            "end": {
              "line": 111,
              "column": 72
            }
          }
        ],
        "line": 110
      },
      "14": {
        "loc": {
          "start": {
            "line": 132,
            "column": 2
          },
          "end": {
            "line": 140,
            "column": 3
          }
        },
        "type": "if",
        "locations": [
          {
            "start": {
              "line": 132,
              "column": 2
            },
            "end": {
              "line": 140,
              "column": 3
            }
          },
          {
            "start": {
              "line": 132,
              "column": 2
            },
            "end": {
              "line": 140,
              "column": 3
            }
          }
        ],
        "line": 132
      }
    },
    "s": {
      "0": 54,
      "1": 0,
      "2": 0,
      "3": 0,
      "4": 0,
      "5": 0,
      "6": 0,
      "7": 0,
      "8": 0,
      "9": 0,
      "10": 0,
      "11": 0,
      "12": 0,
      "13": 0,
      "14": 0,
      "15": 0,
      "16": 0,
      "17": 0,
      "18": 0,
      "19": 0,
      "20": 0,
      "21": 0,
      "22": 0,
      "23": 0,
      "24": 0,
      "25": 0,
      "26": 0,
      "27": 0,
      "28": 0,
      "29": 0,
      "30": 0,
      "31": 0,
      "32": 0,
      "33": 0,
      "34": 0,
      "35": 54,
      "36": 54,
      "37": 0,
      "38": 0
    },
    "f": {
      "0": 0,
      "1": 0,
      "2": 0,
      "3": 0,
      "4": 0,
      "5": 0,
      "6": 0,
      "7": 0,
      "8": 0,
      "9": 0,
      "10": 0,
      "11": 0,
      "12": 0,
      "13": 54,
      "14": 0,
      "15": 0
    },
    "b": {
      "0": [
        54,
        0,
        0
      ],
      "1": [
        0,
        0
      ],
      "2": [
        0,
        0
      ],
      "3": [
        0,
        0
      ],
      "4": [
        0,
        0
      ],
      "5": [
        0,
        0
      ],
      "6": [
        0,
        0
      ],
      "7": [
        0,
        0
      ],
      "8": [
        0,
        0
      ],
      "9": [
        0,
        0
      ],
      "10": [
        0,
        0
      ],
      "11": [
        0,
        0
      ],
      "12": [
        0,
        0
      ],
      "13": [
        0,
        0,
        0
      ],
      "14": [
        54,
        0
      ]
    },
    "_coverageSchema": "1a1c01bbd47fc00a2c39e90264f33305004495a9",
    "hash": "7a70a4366d5beccaac0b2a2e7f86654783ce6c5e"
  },
  "C:\\Users\\Alex\\Desktop\\HIOA\\Bachelor\\Bookora-bitbucket\\bookquorareact\\src\\index.js": {
    "path": "C:\\Users\\Alex\\Desktop\\HIOA\\Bachelor\\Bookora-bitbucket\\bookquorareact\\src\\index.js",
    "statementMap": {
      "0": {
        "start": {
          "line": 9,
          "column": 0
        },
        "end": {
          "line": 9,
          "column": 58
        }
      },
      "1": {
        "start": {
          "line": 14,
          "column": 0
        },
        "end": {
          "line": 14,
          "column": 27
        }
      }
    },
    "fnMap": {},
    "branchMap": {},
    "s": {
      "0": 54,
      "1": 54
    },
    "f": {},
    "b": {},
    "_coverageSchema": "1a1c01bbd47fc00a2c39e90264f33305004495a9",
    "hash": "9191a757a82b7c0eb3755b75ca06b8b064674d65"
  }
}