{
  "D:\\BookQuoraReact\\bookquorareact\\src\\service\\Authentication\\authHeader.js": {
    "path": "D:\\BookQuoraReact\\bookquorareact\\src\\service\\Authentication\\authHeader.js",
    "statementMap": {
      "0": {
        "start": {
          "line": 2,
          "column": 17
        },
        "end": {
          "line": 2,
          "column": 57
        }
      },
      "1": {
        "start": {
          "line": 4,
          "column": 4
        },
        "end": {
          "line": 9,
          "column": 5
        }
      },
      "2": {
        "start": {
          "line": 5,
          "column": 6
        },
        "end": {
          "line": 5,
          "column": 55
        }
      }
    },
    "fnMap": {
      "0": {
        "name": "authHeader",
        "decl": {
          "start": {
            "line": 1,
            "column": 24
          },
          "end": {
            "line": 1,
            "column": 34
          }
        },
        "loc": {
          "start": {
            "line": 1,
            "column": 37
          },
          "end": {
            "line": 10,
            "column": 3
          }
        },
        "line": 1
      }
    },
    "branchMap": {
      "0": {
        "loc": {
          "start": {
            "line": 4,
            "column": 4
          },
          "end": {
            "line": 9,
            "column": 5
          }
        },
        "type": "if",
        "locations": [
          {
            "start": {
              "line": 4,
              "column": 4
            },
            "end": {
              "line": 9,
              "column": 5
            }
          },
          {
            "start": {
              "line": 4,
              "column": 4
            },
            "end": {
              "line": 9,
              "column": 5
            }
          }
        ],
        "line": 4
      },
      "1": {
        "loc": {
          "start": {
            "line": 4,
            "column": 8
          },
          "end": {
            "line": 4,
            "column": 26
          }
        },
        "type": "binary-expr",
        "locations": [
          {
            "start": {
              "line": 4,
              "column": 8
            },
            "end": {
              "line": 4,
              "column": 12
            }
          },
          {
            "start": {
              "line": 4,
              "column": 16
            },
            "end": {
              "line": 4,
              "column": 26
            }
          }
        ],
        "line": 4
      }
    },
    "s": {
      "0": 116,
      "1": 116,
      "2": 116
    },
    "f": {
      "0": 116
    },
    "b": {
      "0": [
        116,
        0
      ],
      "1": [
        116,
        116
      ]
    },
    "_coverageSchema": "1a1c01bbd47fc00a2c39e90264f33305004495a9",
    "hash": "a9431a468e240e7c5006d0116686e06b1354dcdd"
  },
  "D:\\BookQuoraReact\\bookquorareact\\src\\service\\Authentication\\authUser.js": {
    "path": "D:\\BookQuoraReact\\bookquorareact\\src\\service\\Authentication\\authUser.js",
    "statementMap": {
      "0": {
        "start": {
          "line": 4,
          "column": 16
        },
        "end": {
          "line": 4,
          "column": 57
        }
      },
      "1": {
        "start": {
          "line": 5,
          "column": 17
        },
        "end": {
          "line": 5,
          "column": 41
        }
      },
      "2": {
        "start": {
          "line": 10,
          "column": 8
        },
        "end": {
          "line": 21,
          "column": 15
        }
      },
      "3": {
        "start": {
          "line": 16,
          "column": 16
        },
        "end": {
          "line": 19,
          "column": 17
        }
      },
      "4": {
        "start": {
          "line": 17,
          "column": 20
        },
        "end": {
          "line": 17,
          "column": 80
        }
      },
      "5": {
        "start": {
          "line": 18,
          "column": 20
        },
        "end": {
          "line": 18,
          "column": 59
        }
      },
      "6": {
        "start": {
          "line": 20,
          "column": 16
        },
        "end": {
          "line": 20,
          "column": 37
        }
      },
      "7": {
        "start": {
          "line": 25,
          "column": 8
        },
        "end": {
          "line": 33,
          "column": 15
        }
      },
      "8": {
        "start": {
          "line": 32,
          "column": 16
        },
        "end": {
          "line": 32,
          "column": 37
        }
      },
      "9": {
        "start": {
          "line": 36,
          "column": 21
        },
        "end": {
          "line": 46,
          "column": 5
        }
      },
      "10": {
        "start": {
          "line": 37,
          "column": 8
        },
        "end": {
          "line": 45,
          "column": 14
        }
      },
      "11": {
        "start": {
          "line": 42,
          "column": 16
        },
        "end": {
          "line": 42,
          "column": 48
        }
      },
      "12": {
        "start": {
          "line": 43,
          "column": 16
        },
        "end": {
          "line": 43,
          "column": 76
        }
      },
      "13": {
        "start": {
          "line": 44,
          "column": 16
        },
        "end": {
          "line": 44,
          "column": 37
        }
      },
      "14": {
        "start": {
          "line": 47,
          "column": 17
        },
        "end": {
          "line": 56,
          "column": 5
        }
      },
      "15": {
        "start": {
          "line": 48,
          "column": 8
        },
        "end": {
          "line": 55,
          "column": 10
        }
      },
      "16": {
        "start": {
          "line": 54,
          "column": 12
        },
        "end": {
          "line": 54,
          "column": 28
        }
      },
      "17": {
        "start": {
          "line": 59,
          "column": 20
        },
        "end": {
          "line": 67,
          "column": 5
        }
      },
      "18": {
        "start": {
          "line": 60,
          "column": 8
        },
        "end": {
          "line": 66,
          "column": 14
        }
      },
      "19": {
        "start": {
          "line": 65,
          "column": 16
        },
        "end": {
          "line": 65,
          "column": 37
        }
      },
      "20": {
        "start": {
          "line": 69,
          "column": 13
        },
        "end": {
          "line": 71,
          "column": 5
        }
      },
      "21": {
        "start": {
          "line": 70,
          "column": 8
        },
        "end": {
          "line": 70,
          "column": 40
        }
      },
      "22": {
        "start": {
          "line": 75,
          "column": 8
        },
        "end": {
          "line": 81,
          "column": 11
        }
      },
      "23": {
        "start": {
          "line": 87,
          "column": 8
        },
        "end": {
          "line": 87,
          "column": 56
        }
      }
    },
    "fnMap": {
      "0": {
        "name": "(anonymous_0)",
        "decl": {
          "start": {
            "line": 8,
            "column": 4
          },
          "end": {
            "line": 8,
            "column": 5
          }
        },
        "loc": {
          "start": {
            "line": 8,
            "column": 27
          },
          "end": {
            "line": 22,
            "column": 5
          }
        },
        "line": 8
      },
      "1": {
        "name": "(anonymous_1)",
        "decl": {
          "start": {
            "line": 15,
            "column": 18
          },
          "end": {
            "line": 15,
            "column": 19
          }
        },
        "loc": {
          "start": {
            "line": 15,
            "column": 30
          },
          "end": {
            "line": 21,
            "column": 13
          }
        },
        "line": 15
      },
      "2": {
        "name": "(anonymous_2)",
        "decl": {
          "start": {
            "line": 24,
            "column": 4
          },
          "end": {
            "line": 24,
            "column": 5
          }
        },
        "loc": {
          "start": {
            "line": 24,
            "column": 28
          },
          "end": {
            "line": 34,
            "column": 5
          }
        },
        "line": 24
      },
      "3": {
        "name": "(anonymous_3)",
        "decl": {
          "start": {
            "line": 30,
            "column": 18
          },
          "end": {
            "line": 30,
            "column": 19
          }
        },
        "loc": {
          "start": {
            "line": 30,
            "column": 30
          },
          "end": {
            "line": 33,
            "column": 13
          }
        },
        "line": 30
      },
      "4": {
        "name": "(anonymous_4)",
        "decl": {
          "start": {
            "line": 36,
            "column": 21
          },
          "end": {
            "line": 36,
            "column": 22
          }
        },
        "loc": {
          "start": {
            "line": 36,
            "column": 32
          },
          "end": {
            "line": 46,
            "column": 5
          }
        },
        "line": 36
      },
      "5": {
        "name": "(anonymous_5)",
        "decl": {
          "start": {
            "line": 41,
            "column": 20
          },
          "end": {
            "line": 41,
            "column": 21
          }
        },
        "loc": {
          "start": {
            "line": 41,
            "column": 32
          },
          "end": {
            "line": 45,
            "column": 13
          }
        },
        "line": 41
      },
      "6": {
        "name": "(anonymous_6)",
        "decl": {
          "start": {
            "line": 47,
            "column": 17
          },
          "end": {
            "line": 47,
            "column": 18
          }
        },
        "loc": {
          "start": {
            "line": 47,
            "column": 42
          },
          "end": {
            "line": 56,
            "column": 5
          }
        },
        "line": 47
      },
      "7": {
        "name": "(anonymous_7)",
        "decl": {
          "start": {
            "line": 52,
            "column": 16
          },
          "end": {
            "line": 52,
            "column": 17
          }
        },
        "loc": {
          "start": {
            "line": 52,
            "column": 28
          },
          "end": {
            "line": 55,
            "column": 9
          }
        },
        "line": 52
      },
      "8": {
        "name": "(anonymous_8)",
        "decl": {
          "start": {
            "line": 59,
            "column": 20
          },
          "end": {
            "line": 59,
            "column": 21
          }
        },
        "loc": {
          "start": {
            "line": 59,
            "column": 41
          },
          "end": {
            "line": 67,
            "column": 5
          }
        },
        "line": 59
      },
      "9": {
        "name": "(anonymous_9)",
        "decl": {
          "start": {
            "line": 64,
            "column": 20
          },
          "end": {
            "line": 64,
            "column": 21
          }
        },
        "loc": {
          "start": {
            "line": 64,
            "column": 32
          },
          "end": {
            "line": 66,
            "column": 13
          }
        },
        "line": 64
      },
      "10": {
        "name": "(anonymous_10)",
        "decl": {
          "start": {
            "line": 69,
            "column": 13
          },
          "end": {
            "line": 69,
            "column": 14
          }
        },
        "loc": {
          "start": {
            "line": 69,
            "column": 19
          },
          "end": {
            "line": 71,
            "column": 5
          }
        },
        "line": 69
      },
      "11": {
        "name": "(anonymous_11)",
        "decl": {
          "start": {
            "line": 74,
            "column": 4
          },
          "end": {
            "line": 74,
            "column": 5
          }
        },
        "loc": {
          "start": {
            "line": 74,
            "column": 57
          },
          "end": {
            "line": 82,
            "column": 5
          }
        },
        "line": 74
      },
      "12": {
        "name": "(anonymous_12)",
        "decl": {
          "start": {
            "line": 84,
            "column": 4
          },
          "end": {
            "line": 84,
            "column": 5
          }
        },
        "loc": {
          "start": {
            "line": 84,
            "column": 21
          },
          "end": {
            "line": 88,
            "column": 5
          }
        },
        "line": 84
      }
    },
    "branchMap": {
      "0": {
        "loc": {
          "start": {
            "line": 16,
            "column": 16
          },
          "end": {
            "line": 19,
            "column": 17
          }
        },
        "type": "if",
        "locations": [
          {
            "start": {
              "line": 16,
              "column": 16
            },
            "end": {
              "line": 19,
              "column": 17
            }
          },
          {
            "start": {
              "line": 16,
              "column": 16
            },
            "end": {
              "line": 19,
              "column": 17
            }
          }
        ],
        "line": 16
      }
    },
    "s": {
      "0": 108,
      "1": 108,
      "2": 71,
      "3": 68,
      "4": 68,
      "5": 68,
      "6": 68,
      "7": 1,
      "8": 1,
      "9": 108,
      "10": 5,
      "11": 3,
      "12": 3,
      "13": 3,
      "14": 108,
      "15": 1,
      "16": 1,
      "17": 108,
      "18": 0,
      "19": 0,
      "20": 108,
      "21": 1,
      "22": 1,
      "23": 931
    },
    "f": {
      "0": 71,
      "1": 68,
      "2": 1,
      "3": 1,
      "4": 5,
      "5": 3,
      "6": 1,
      "7": 1,
      "8": 0,
      "9": 0,
      "10": 1,
      "11": 1,
      "12": 931
    },
    "b": {
      "0": [
        68,
        0
      ]
    },
    "_coverageSchema": "1a1c01bbd47fc00a2c39e90264f33305004495a9",
    "hash": "86261bf91e876c3fcdda2012e791aa02c09f07e4"
  },
  "D:\\BookQuoraReact\\bookquorareact\\src\\Component\\Login\\ValidateEmail.js": {
    "path": "D:\\BookQuoraReact\\bookquorareact\\src\\Component\\Login\\ValidateEmail.js",
    "statementMap": {
      "0": {
        "start": {
          "line": 2,
          "column": 23
        },
        "end": {
          "line": 12,
          "column": 1
        }
      },
      "1": {
        "start": {
          "line": 3,
          "column": 16
        },
        "end": {
          "line": 3,
          "column": 35
        }
      },
      "2": {
        "start": {
          "line": 4,
          "column": 18
        },
        "end": {
          "line": 4,
          "column": 37
        }
      },
      "3": {
        "start": {
          "line": 5,
          "column": 32
        },
        "end": {
          "line": 5,
          "column": 47
        }
      },
      "4": {
        "start": {
          "line": 6,
          "column": 27
        },
        "end": {
          "line": 6,
          "column": 37
        }
      },
      "5": {
        "start": {
          "line": 8,
          "column": 4
        },
        "end": {
          "line": 11,
          "column": 5
        }
      },
      "6": {
        "start": {
          "line": 10,
          "column": 8
        },
        "end": {
          "line": 10,
          "column": 20
        }
      },
      "7": {
        "start": {
          "line": 11,
          "column": 6
        },
        "end": {
          "line": 11,
          "column": 19
        }
      }
    },
    "fnMap": {
      "0": {
        "name": "(anonymous_0)",
        "decl": {
          "start": {
            "line": 2,
            "column": 23
          },
          "end": {
            "line": 2,
            "column": 24
          }
        },
        "loc": {
          "start": {
            "line": 2,
            "column": 34
          },
          "end": {
            "line": 12,
            "column": 1
          }
        },
        "line": 2
      }
    },
    "branchMap": {
      "0": {
        "loc": {
          "start": {
            "line": 8,
            "column": 4
          },
          "end": {
            "line": 11,
            "column": 5
          }
        },
        "type": "if",
        "locations": [
          {
            "start": {
              "line": 8,
              "column": 4
            },
            "end": {
              "line": 11,
              "column": 5
            }
          },
          {
            "start": {
              "line": 8,
              "column": 4
            },
            "end": {
              "line": 11,
              "column": 5
            }
          }
        ],
        "line": 8
      },
      "1": {
        "loc": {
          "start": {
            "line": 8,
            "column": 8
          },
          "end": {
            "line": 9,
            "column": 52
          }
        },
        "type": "binary-expr",
        "locations": [
          {
            "start": {
              "line": 8,
              "column": 8
            },
            "end": {
              "line": 8,
              "column": 54
            }
          },
          {
            "start": {
              "line": 9,
              "column": 11
            },
            "end": {
              "line": 9,
              "column": 52
            }
          }
        ],
        "line": 8
      }
    },
    "s": {
      "0": 108,
      "1": 111,
      "2": 111,
      "3": 111,
      "4": 111,
      "5": 111,
      "6": 103,
      "7": 8
    },
    "f": {
      "0": 111
    },
    "b": {
      "0": [
        103,
        8
      ],
      "1": [
        111,
        8
      ]
    },
    "_coverageSchema": "1a1c01bbd47fc00a2c39e90264f33305004495a9",
    "hash": "370f25ea33a2892a6a9dfbf79dc472c8a5237d6c"
  },
  "D:\\BookQuoraReact\\bookquorareact\\src\\Component\\Message\\ErrorMessage.js": {
    "path": "D:\\BookQuoraReact\\bookquorareact\\src\\Component\\Message\\ErrorMessage.js",
    "statementMap": {
      "0": {
        "start": {
          "line": 3,
          "column": 21
        },
        "end": {
          "line": 14,
          "column": 1
        }
      },
      "1": {
        "start": {
          "line": 4,
          "column": 4
        },
        "end": {
          "line": 4,
          "column": 22
        }
      },
      "2": {
        "start": {
          "line": 5,
          "column": 4
        },
        "end": {
          "line": 13,
          "column": 6
        }
      }
    },
    "fnMap": {
      "0": {
        "name": "(anonymous_0)",
        "decl": {
          "start": {
            "line": 3,
            "column": 21
          },
          "end": {
            "line": 3,
            "column": 22
          }
        },
        "loc": {
          "start": {
            "line": 3,
            "column": 31
          },
          "end": {
            "line": 14,
            "column": 1
          }
        },
        "line": 3
      }
    },
    "branchMap": {},
    "s": {
      "0": 108,
      "1": 43,
      "2": 43
    },
    "f": {
      "0": 43
    },
    "b": {},
    "_coverageSchema": "1a1c01bbd47fc00a2c39e90264f33305004495a9",
    "hash": "af3a1c30957c4e079fc5903f0c2491e49305811f"
  },
  "D:\\BookQuoraReact\\bookquorareact\\src\\Component\\Message\\SuccessMessage.js": {
    "path": "D:\\BookQuoraReact\\bookquorareact\\src\\Component\\Message\\SuccessMessage.js",
    "statementMap": {
      "0": {
        "start": {
          "line": 3,
          "column": 23
        },
        "end": {
          "line": 13,
          "column": 1
        }
      },
      "1": {
        "start": {
          "line": 4,
          "column": 4
        },
        "end": {
          "line": 12,
          "column": 6
        }
      }
    },
    "fnMap": {
      "0": {
        "name": "(anonymous_0)",
        "decl": {
          "start": {
            "line": 3,
            "column": 23
          },
          "end": {
            "line": 3,
            "column": 24
          }
        },
        "loc": {
          "start": {
            "line": 3,
            "column": 33
          },
          "end": {
            "line": 13,
            "column": 1
          }
        },
        "line": 3
      }
    },
    "branchMap": {},
    "s": {
      "0": 108,
      "1": 34
    },
    "f": {
      "0": 34
    },
    "b": {},
    "_coverageSchema": "1a1c01bbd47fc00a2c39e90264f33305004495a9",
    "hash": "ab353135f25cfe82998efe70ff58e963e87c85f7"
  },
  "D:\\BookQuoraReact\\bookquorareact\\src\\Modal\\Login\\SignUpContainer.js": {
    "path": "D:\\BookQuoraReact\\bookquorareact\\src\\Modal\\Login\\SignUpContainer.js",
    "statementMap": {
      "0": {
        "start": {
          "line": 13,
          "column": 24
        },
        "end": {
          "line": 225,
          "column": 1
        }
      },
      "1": {
        "start": {
          "line": 15,
          "column": 34
        },
        "end": {
          "line": 15,
          "column": 55
        }
      },
      "2": {
        "start": {
          "line": 16,
          "column": 38
        },
        "end": {
          "line": 16,
          "column": 56
        }
      },
      "3": {
        "start": {
          "line": 17,
          "column": 36
        },
        "end": {
          "line": 17,
          "column": 54
        }
      },
      "4": {
        "start": {
          "line": 18,
          "column": 30
        },
        "end": {
          "line": 18,
          "column": 48
        }
      },
      "5": {
        "start": {
          "line": 19,
          "column": 36
        },
        "end": {
          "line": 19,
          "column": 54
        }
      },
      "6": {
        "start": {
          "line": 22,
          "column": 52
        },
        "end": {
          "line": 22,
          "column": 61
        }
      },
      "7": {
        "start": {
          "line": 25,
          "column": 23
        },
        "end": {
          "line": 30,
          "column": 5
        }
      },
      "8": {
        "start": {
          "line": 26,
          "column": 8
        },
        "end": {
          "line": 28,
          "column": 16
        }
      },
      "9": {
        "start": {
          "line": 27,
          "column": 12
        },
        "end": {
          "line": 27,
          "column": 36
        }
      },
      "10": {
        "start": {
          "line": 34,
          "column": 21
        },
        "end": {
          "line": 69,
          "column": 5
        }
      },
      "11": {
        "start": {
          "line": 36,
          "column": 8
        },
        "end": {
          "line": 67,
          "column": 9
        }
      },
      "12": {
        "start": {
          "line": 38,
          "column": 26
        },
        "end": {
          "line": 38,
          "column": 34
        }
      },
      "13": {
        "start": {
          "line": 39,
          "column": 12
        },
        "end": {
          "line": 39,
          "column": 29
        }
      },
      "14": {
        "start": {
          "line": 40,
          "column": 12
        },
        "end": {
          "line": 63,
          "column": 18
        }
      },
      "15": {
        "start": {
          "line": 43,
          "column": 20
        },
        "end": {
          "line": 43,
          "column": 57
        }
      },
      "16": {
        "start": {
          "line": 44,
          "column": 24
        },
        "end": {
          "line": 44,
          "column": 37
        }
      },
      "17": {
        "start": {
          "line": 47,
          "column": 28
        },
        "end": {
          "line": 51,
          "column": 44
        }
      },
      "18": {
        "start": {
          "line": 52,
          "column": 24
        },
        "end": {
          "line": 52,
          "column": 58
        }
      },
      "19": {
        "start": {
          "line": 53,
          "column": 24
        },
        "end": {
          "line": 60,
          "column": 25
        }
      },
      "20": {
        "start": {
          "line": 55,
          "column": 28
        },
        "end": {
          "line": 55,
          "column": 53
        }
      },
      "21": {
        "start": {
          "line": 57,
          "column": 28
        },
        "end": {
          "line": 57,
          "column": 41
        }
      },
      "22": {
        "start": {
          "line": 59,
          "column": 28
        },
        "end": {
          "line": 59,
          "column": 53
        }
      },
      "23": {
        "start": {
          "line": 66,
          "column": 12
        },
        "end": {
          "line": 66,
          "column": 54
        }
      },
      "24": {
        "start": {
          "line": 71,
          "column": 4
        },
        "end": {
          "line": 224,
          "column": 6
        }
      },
      "25": {
        "start": {
          "line": 104,
          "column": 47
        },
        "end": {
          "line": 104,
          "column": 75
        }
      },
      "26": {
        "start": {
          "line": 125,
          "column": 47
        },
        "end": {
          "line": 125,
          "column": 74
        }
      },
      "27": {
        "start": {
          "line": 148,
          "column": 47
        },
        "end": {
          "line": 148,
          "column": 71
        }
      },
      "28": {
        "start": {
          "line": 169,
          "column": 47
        },
        "end": {
          "line": 169,
          "column": 74
        }
      },
      "29": {
        "start": {
          "line": 182,
          "column": 55
        },
        "end": {
          "line": 182,
          "column": 110
        }
      }
    },
    "fnMap": {
      "0": {
        "name": "(anonymous_0)",
        "decl": {
          "start": {
            "line": 13,
            "column": 24
          },
          "end": {
            "line": 13,
            "column": 25
          }
        },
        "loc": {
          "start": {
            "line": 13,
            "column": 35
          },
          "end": {
            "line": 225,
            "column": 1
          }
        },
        "line": 13
      },
      "1": {
        "name": "(anonymous_1)",
        "decl": {
          "start": {
            "line": 25,
            "column": 23
          },
          "end": {
            "line": 25,
            "column": 24
          }
        },
        "loc": {
          "start": {
            "line": 25,
            "column": 29
          },
          "end": {
            "line": 30,
            "column": 5
          }
        },
        "line": 25
      },
      "2": {
        "name": "(anonymous_2)",
        "decl": {
          "start": {
            "line": 26,
            "column": 19
          },
          "end": {
            "line": 26,
            "column": 20
          }
        },
        "loc": {
          "start": {
            "line": 26,
            "column": 23
          },
          "end": {
            "line": 28,
            "column": 9
          }
        },
        "line": 26
      },
      "3": {
        "name": "(anonymous_3)",
        "decl": {
          "start": {
            "line": 34,
            "column": 21
          },
          "end": {
            "line": 34,
            "column": 22
          }
        },
        "loc": {
          "start": {
            "line": 34,
            "column": 29
          },
          "end": {
            "line": 69,
            "column": 5
          }
        },
        "line": 34
      },
      "4": {
        "name": "(anonymous_4)",
        "decl": {
          "start": {
            "line": 41,
            "column": 22
          },
          "end": {
            "line": 41,
            "column": 23
          }
        },
        "loc": {
          "start": {
            "line": 41,
            "column": 34
          },
          "end": {
            "line": 45,
            "column": 21
          }
        },
        "line": 41
      },
      "5": {
        "name": "(anonymous_5)",
        "decl": {
          "start": {
            "line": 45,
            "column": 23
          },
          "end": {
            "line": 45,
            "column": 24
          }
        },
        "loc": {
          "start": {
            "line": 45,
            "column": 32
          },
          "end": {
            "line": 62,
            "column": 21
          }
        },
        "line": 45
      },
      "6": {
        "name": "(anonymous_6)",
        "decl": {
          "start": {
            "line": 104,
            "column": 42
          },
          "end": {
            "line": 104,
            "column": 43
          }
        },
        "loc": {
          "start": {
            "line": 104,
            "column": 47
          },
          "end": {
            "line": 104,
            "column": 75
          }
        },
        "line": 104
      },
      "7": {
        "name": "(anonymous_7)",
        "decl": {
          "start": {
            "line": 125,
            "column": 42
          },
          "end": {
            "line": 125,
            "column": 43
          }
        },
        "loc": {
          "start": {
            "line": 125,
            "column": 47
          },
          "end": {
            "line": 125,
            "column": 74
          }
        },
        "line": 125
      },
      "8": {
        "name": "(anonymous_8)",
        "decl": {
          "start": {
            "line": 148,
            "column": 42
          },
          "end": {
            "line": 148,
            "column": 43
          }
        },
        "loc": {
          "start": {
            "line": 148,
            "column": 47
          },
          "end": {
            "line": 148,
            "column": 71
          }
        },
        "line": 148
      },
      "9": {
        "name": "(anonymous_9)",
        "decl": {
          "start": {
            "line": 169,
            "column": 42
          },
          "end": {
            "line": 169,
            "column": 43
          }
        },
        "loc": {
          "start": {
            "line": 169,
            "column": 47
          },
          "end": {
            "line": 169,
            "column": 74
          }
        },
        "line": 169
      },
      "10": {
        "name": "(anonymous_10)",
        "decl": {
          "start": {
            "line": 182,
            "column": 46
          },
          "end": {
            "line": 182,
            "column": 47
          }
        },
        "loc": {
          "start": {
            "line": 182,
            "column": 55
          },
          "end": {
            "line": 182,
            "column": 110
          }
        },
        "line": 182
      }
    },
    "branchMap": {
      "0": {
        "loc": {
          "start": {
            "line": 36,
            "column": 8
          },
          "end": {
            "line": 67,
            "column": 9
          }
        },
        "type": "if",
        "locations": [
          {
            "start": {
              "line": 36,
              "column": 8
            },
            "end": {
              "line": 67,
              "column": 9
            }
          },
          {
            "start": {
              "line": 36,
              "column": 8
            },
            "end": {
              "line": 67,
              "column": 9
            }
          }
        ],
        "line": 36
      },
      "1": {
        "loc": {
          "start": {
            "line": 47,
            "column": 28
          },
          "end": {
            "line": 51,
            "column": 44
          }
        },
        "type": "binary-expr",
        "locations": [
          {
            "start": {
              "line": 47,
              "column": 29
            },
            "end": {
              "line": 47,
              "column": 43
            }
          },
          {
            "start": {
              "line": 48,
              "column": 32
            },
            "end": {
              "line": 48,
              "column": 51
            }
          },
          {
            "start": {
              "line": 49,
              "column": 32
            },
            "end": {
              "line": 49,
              "column": 59
            }
          },
          {
            "start": {
              "line": 50,
              "column": 28
            },
            "end": {
              "line": 50,
              "column": 41
            }
          },
          {
            "start": {
              "line": 51,
              "column": 28
            },
            "end": {
              "line": 51,
              "column": 44
            }
          }
        ],
        "line": 47
      },
      "2": {
        "loc": {
          "start": {
            "line": 53,
            "column": 24
          },
          "end": {
            "line": 60,
            "column": 25
          }
        },
        "type": "if",
        "locations": [
          {
            "start": {
              "line": 53,
              "column": 24
            },
            "end": {
              "line": 60,
              "column": 25
            }
          },
          {
            "start": {
              "line": 53,
              "column": 24
            },
            "end": {
              "line": 60,
              "column": 25
            }
          }
        ],
        "line": 53
      },
      "3": {
        "loc": {
          "start": {
            "line": 100,
            "column": 44
          },
          "end": {
            "line": 100,
            "column": 92
          }
        },
        "type": "cond-expr",
        "locations": [
          {
            "start": {
              "line": 100,
              "column": 63
            },
            "end": {
              "line": 100,
              "column": 87
            }
          },
          {
            "start": {
              "line": 100,
              "column": 90
            },
            "end": {
              "line": 100,
              "column": 92
            }
          }
        ],
        "line": 100
      },
      "4": {
        "loc": {
          "start": {
            "line": 121,
            "column": 44
          },
          "end": {
            "line": 121,
            "column": 90
          }
        },
        "type": "cond-expr",
        "locations": [
          {
            "start": {
              "line": 121,
              "column": 62
            },
            "end": {
              "line": 121,
              "column": 85
            }
          },
          {
            "start": {
              "line": 121,
              "column": 88
            },
            "end": {
              "line": 121,
              "column": 90
            }
          }
        ],
        "line": 121
      },
      "5": {
        "loc": {
          "start": {
            "line": 144,
            "column": 44
          },
          "end": {
            "line": 144,
            "column": 84
          }
        },
        "type": "cond-expr",
        "locations": [
          {
            "start": {
              "line": 144,
              "column": 59
            },
            "end": {
              "line": 144,
              "column": 79
            }
          },
          {
            "start": {
              "line": 144,
              "column": 82
            },
            "end": {
              "line": 144,
              "column": 84
            }
          }
        ],
        "line": 144
      },
      "6": {
        "loc": {
          "start": {
            "line": 165,
            "column": 44
          },
          "end": {
            "line": 165,
            "column": 90
          }
        },
        "type": "cond-expr",
        "locations": [
          {
            "start": {
              "line": 165,
              "column": 62
            },
            "end": {
              "line": 165,
              "column": 85
            }
          },
          {
            "start": {
              "line": 165,
              "column": 88
            },
            "end": {
              "line": 165,
              "column": 90
            }
          }
        ],
        "line": 165
      },
      "7": {
        "loc": {
          "start": {
            "line": 182,
            "column": 55
          },
          "end": {
            "line": 182,
            "column": 110
          }
        },
        "type": "binary-expr",
        "locations": [
          {
            "start": {
              "line": 182,
              "column": 55
            },
            "end": {
              "line": 182,
              "column": 82
            }
          },
          {
            "start": {
              "line": 182,
              "column": 86
            },
            "end": {
              "line": 182,
              "column": 110
            }
          }
        ],
        "line": 182
      },
      "8": {
        "loc": {
          "start": {
            "line": 185,
            "column": 44
          },
          "end": {
            "line": 185,
            "column": 104
          }
        },
        "type": "cond-expr",
        "locations": [
          {
            "start": {
              "line": 185,
              "column": 69
            },
            "end": {
              "line": 185,
              "column": 99
            }
          },
          {
            "start": {
              "line": 185,
              "column": 102
            },
            "end": {
              "line": 185,
              "column": 104
            }
          }
        ],
        "line": 185
      },
      "9": {
        "loc": {
          "start": {
            "line": 203,
            "column": 29
          },
          "end": {
            "line": 212,
            "column": 38
          }
        },
        "type": "cond-expr",
        "locations": [
          {
            "start": {
              "line": 204,
              "column": 32
            },
            "end": {
              "line": 211,
              "column": 38
            }
          },
          {
            "start": {
              "line": 212,
              "column": 34
            },
            "end": {
              "line": 212,
              "column": 38
            }
          }
        ],
        "line": 203
      }
    },
    "s": {
      "0": 108,
      "1": 260,
      "2": 260,
      "3": 260,
      "4": 260,
      "5": 260,
      "6": 260,
      "7": 260,
      "8": 1,
      "9": 1,
      "10": 260,
      "11": 2,
      "12": 1,
      "13": 1,
      "14": 1,
      "15": 0,
      "16": 0,
      "17": 1,
      "18": 1,
      "19": 1,
      "20": 1,
      "21": 1,
      "22": 0,
      "23": 1,
      "24": 260,
      "25": 42,
      "26": 53,
      "27": 87,
      "28": 56,
      "29": 4
    },
    "f": {
      "0": 260,
      "1": 1,
      "2": 1,
      "3": 2,
      "4": 0,
      "5": 1,
      "6": 42,
      "7": 53,
      "8": 87,
      "9": 56,
      "10": 4
    },
    "b": {
      "0": [
        1,
        1
      ],
      "1": [
        1,
        1,
        1,
        0,
        0
      ],
      "2": [
        1,
        0
      ],
      "3": [
        3,
        257
      ],
      "4": [
        3,
        257
      ],
      "5": [
        3,
        257
      ],
      "6": [
        3,
        257
      ],
      "7": [
        4,
        2
      ],
      "8": [
        3,
        257
      ],
      "9": [
        2,
        258
      ]
    },
    "_coverageSchema": "1a1c01bbd47fc00a2c39e90264f33305004495a9",
    "hash": "799fa5e22f425da8b208d7637e40b04dbe97daca"
  },
  "D:\\BookQuoraReact\\bookquorareact\\src\\Modal\\Login\\SignInContainer.js": {
    "path": "D:\\BookQuoraReact\\bookquorareact\\src\\Modal\\Login\\SignInContainer.js",
    "statementMap": {
      "0": {
        "start": {
          "line": 12,
          "column": 24
        },
        "end": {
          "line": 207,
          "column": 1
        }
      },
      "1": {
        "start": {
          "line": 14,
          "column": 34
        },
        "end": {
          "line": 14,
          "column": 55
        }
      },
      "2": {
        "start": {
          "line": 15,
          "column": 30
        },
        "end": {
          "line": 15,
          "column": 48
        }
      },
      "3": {
        "start": {
          "line": 16,
          "column": 36
        },
        "end": {
          "line": 16,
          "column": 54
        }
      },
      "4": {
        "start": {
          "line": 18,
          "column": 47
        },
        "end": {
          "line": 18,
          "column": 56
        }
      },
      "5": {
        "start": {
          "line": 21,
          "column": 27
        },
        "end": {
          "line": 25,
          "column": 5
        }
      },
      "6": {
        "start": {
          "line": 23,
          "column": 12
        },
        "end": {
          "line": 23,
          "column": 46
        }
      },
      "7": {
        "start": {
          "line": 28,
          "column": 21
        },
        "end": {
          "line": 69,
          "column": 5
        }
      },
      "8": {
        "start": {
          "line": 31,
          "column": 8
        },
        "end": {
          "line": 68,
          "column": 9
        }
      },
      "9": {
        "start": {
          "line": 32,
          "column": 12
        },
        "end": {
          "line": 65,
          "column": 14
        }
      },
      "10": {
        "start": {
          "line": 34,
          "column": 20
        },
        "end": {
          "line": 34,
          "column": 37
        }
      },
      "11": {
        "start": {
          "line": 38,
          "column": 24
        },
        "end": {
          "line": 42,
          "column": 40
        }
      },
      "12": {
        "start": {
          "line": 43,
          "column": 20
        },
        "end": {
          "line": 62,
          "column": 21
        }
      },
      "13": {
        "start": {
          "line": 44,
          "column": 24
        },
        "end": {
          "line": 44,
          "column": 68
        }
      },
      "14": {
        "start": {
          "line": 46,
          "column": 25
        },
        "end": {
          "line": 62,
          "column": 21
        }
      },
      "15": {
        "start": {
          "line": 47,
          "column": 24
        },
        "end": {
          "line": 47,
          "column": 64
        }
      },
      "16": {
        "start": {
          "line": 48,
          "column": 26
        },
        "end": {
          "line": 62,
          "column": 21
        }
      },
      "17": {
        "start": {
          "line": 49,
          "column": 24
        },
        "end": {
          "line": 57,
          "column": 26
        }
      },
      "18": {
        "start": {
          "line": 61,
          "column": 24
        },
        "end": {
          "line": 61,
          "column": 49
        }
      },
      "19": {
        "start": {
          "line": 67,
          "column": 12
        },
        "end": {
          "line": 67,
          "column": 55
        }
      },
      "20": {
        "start": {
          "line": 70,
          "column": 32
        },
        "end": {
          "line": 74,
          "column": 7
        }
      },
      "21": {
        "start": {
          "line": 71,
          "column": 8
        },
        "end": {
          "line": 73,
          "column": 14
        }
      },
      "22": {
        "start": {
          "line": 76,
          "column": 29
        },
        "end": {
          "line": 94,
          "column": 5
        }
      },
      "23": {
        "start": {
          "line": 77,
          "column": 8
        },
        "end": {
          "line": 77,
          "column": 25
        }
      },
      "24": {
        "start": {
          "line": 78,
          "column": 8
        },
        "end": {
          "line": 91,
          "column": 14
        }
      },
      "25": {
        "start": {
          "line": 80,
          "column": 16
        },
        "end": {
          "line": 80,
          "column": 33
        }
      },
      "26": {
        "start": {
          "line": 81,
          "column": 16
        },
        "end": {
          "line": 81,
          "column": 49
        }
      },
      "27": {
        "start": {
          "line": 97,
          "column": 4
        },
        "end": {
          "line": 206,
          "column": 6
        }
      },
      "28": {
        "start": {
          "line": 138,
          "column": 43
        },
        "end": {
          "line": 138,
          "column": 67
        }
      },
      "29": {
        "start": {
          "line": 162,
          "column": 43
        },
        "end": {
          "line": 162,
          "column": 70
        }
      }
    },
    "fnMap": {
      "0": {
        "name": "(anonymous_0)",
        "decl": {
          "start": {
            "line": 12,
            "column": 24
          },
          "end": {
            "line": 12,
            "column": 25
          }
        },
        "loc": {
          "start": {
            "line": 12,
            "column": 35
          },
          "end": {
            "line": 207,
            "column": 1
          }
        },
        "line": 12
      },
      "1": {
        "name": "(anonymous_1)",
        "decl": {
          "start": {
            "line": 21,
            "column": 27
          },
          "end": {
            "line": 21,
            "column": 28
          }
        },
        "loc": {
          "start": {
            "line": 21,
            "column": 33
          },
          "end": {
            "line": 25,
            "column": 5
          }
        },
        "line": 21
      },
      "2": {
        "name": "(anonymous_2)",
        "decl": {
          "start": {
            "line": 28,
            "column": 21
          },
          "end": {
            "line": 28,
            "column": 22
          }
        },
        "loc": {
          "start": {
            "line": 28,
            "column": 27
          },
          "end": {
            "line": 69,
            "column": 5
          }
        },
        "line": 28
      },
      "3": {
        "name": "(anonymous_3)",
        "decl": {
          "start": {
            "line": 33,
            "column": 16
          },
          "end": {
            "line": 33,
            "column": 17
          }
        },
        "loc": {
          "start": {
            "line": 33,
            "column": 30
          },
          "end": {
            "line": 35,
            "column": 17
          }
        },
        "line": 33
      },
      "4": {
        "name": "(anonymous_4)",
        "decl": {
          "start": {
            "line": 36,
            "column": 16
          },
          "end": {
            "line": 36,
            "column": 17
          }
        },
        "loc": {
          "start": {
            "line": 36,
            "column": 25
          },
          "end": {
            "line": 64,
            "column": 17
          }
        },
        "line": 36
      },
      "5": {
        "name": "(anonymous_5)",
        "decl": {
          "start": {
            "line": 70,
            "column": 32
          },
          "end": {
            "line": 70,
            "column": 33
          }
        },
        "loc": {
          "start": {
            "line": 71,
            "column": 8
          },
          "end": {
            "line": 73,
            "column": 14
          }
        },
        "line": 71
      },
      "6": {
        "name": "(anonymous_6)",
        "decl": {
          "start": {
            "line": 76,
            "column": 29
          },
          "end": {
            "line": 76,
            "column": 30
          }
        },
        "loc": {
          "start": {
            "line": 76,
            "column": 35
          },
          "end": {
            "line": 94,
            "column": 5
          }
        },
        "line": 76
      },
      "7": {
        "name": "(anonymous_7)",
        "decl": {
          "start": {
            "line": 79,
            "column": 12
          },
          "end": {
            "line": 79,
            "column": 13
          }
        },
        "loc": {
          "start": {
            "line": 79,
            "column": 24
          },
          "end": {
            "line": 91,
            "column": 13
          }
        },
        "line": 79
      },
      "8": {
        "name": "(anonymous_8)",
        "decl": {
          "start": {
            "line": 138,
            "column": 38
          },
          "end": {
            "line": 138,
            "column": 39
          }
        },
        "loc": {
          "start": {
            "line": 138,
            "column": 43
          },
          "end": {
            "line": 138,
            "column": 67
          }
        },
        "line": 138
      },
      "9": {
        "name": "(anonymous_9)",
        "decl": {
          "start": {
            "line": 162,
            "column": 38
          },
          "end": {
            "line": 162,
            "column": 39
          }
        },
        "loc": {
          "start": {
            "line": 162,
            "column": 43
          },
          "end": {
            "line": 162,
            "column": 70
          }
        },
        "line": 162
      }
    },
    "branchMap": {
      "0": {
        "loc": {
          "start": {
            "line": 31,
            "column": 8
          },
          "end": {
            "line": 68,
            "column": 9
          }
        },
        "type": "if",
        "locations": [
          {
            "start": {
              "line": 31,
              "column": 8
            },
            "end": {
              "line": 68,
              "column": 9
            }
          },
          {
            "start": {
              "line": 31,
              "column": 8
            },
            "end": {
              "line": 68,
              "column": 9
            }
          }
        ],
        "line": 31
      },
      "1": {
        "loc": {
          "start": {
            "line": 38,
            "column": 24
          },
          "end": {
            "line": 42,
            "column": 40
          }
        },
        "type": "binary-expr",
        "locations": [
          {
            "start": {
              "line": 38,
              "column": 25
            },
            "end": {
              "line": 38,
              "column": 39
            }
          },
          {
            "start": {
              "line": 39,
              "column": 28
            },
            "end": {
              "line": 39,
              "column": 47
            }
          },
          {
            "start": {
              "line": 40,
              "column": 28
            },
            "end": {
              "line": 40,
              "column": 55
            }
          },
          {
            "start": {
              "line": 41,
              "column": 24
            },
            "end": {
              "line": 41,
              "column": 37
            }
          },
          {
            "start": {
              "line": 42,
              "column": 24
            },
            "end": {
              "line": 42,
              "column": 40
            }
          }
        ],
        "line": 38
      },
      "2": {
        "loc": {
          "start": {
            "line": 43,
            "column": 20
          },
          "end": {
            "line": 62,
            "column": 21
          }
        },
        "type": "if",
        "locations": [
          {
            "start": {
              "line": 43,
              "column": 20
            },
            "end": {
              "line": 62,
              "column": 21
            }
          },
          {
            "start": {
              "line": 43,
              "column": 20
            },
            "end": {
              "line": 62,
              "column": 21
            }
          }
        ],
        "line": 43
      },
      "3": {
        "loc": {
          "start": {
            "line": 46,
            "column": 25
          },
          "end": {
            "line": 62,
            "column": 21
          }
        },
        "type": "if",
        "locations": [
          {
            "start": {
              "line": 46,
              "column": 25
            },
            "end": {
              "line": 62,
              "column": 21
            }
          },
          {
            "start": {
              "line": 46,
              "column": 25
            },
            "end": {
              "line": 62,
              "column": 21
            }
          }
        ],
        "line": 46
      },
      "4": {
        "loc": {
          "start": {
            "line": 48,
            "column": 26
          },
          "end": {
            "line": 62,
            "column": 21
          }
        },
        "type": "if",
        "locations": [
          {
            "start": {
              "line": 48,
              "column": 26
            },
            "end": {
              "line": 62,
              "column": 21
            }
          },
          {
            "start": {
              "line": 48,
              "column": 26
            },
            "end": {
              "line": 62,
              "column": 21
            }
          }
        ],
        "line": 48
      },
      "5": {
        "loc": {
          "start": {
            "line": 133,
            "column": 40
          },
          "end": {
            "line": 133,
            "column": 80
          }
        },
        "type": "cond-expr",
        "locations": [
          {
            "start": {
              "line": 133,
              "column": 55
            },
            "end": {
              "line": 133,
              "column": 75
            }
          },
          {
            "start": {
              "line": 133,
              "column": 78
            },
            "end": {
              "line": 133,
              "column": 80
            }
          }
        ],
        "line": 133
      },
      "6": {
        "loc": {
          "start": {
            "line": 158,
            "column": 40
          },
          "end": {
            "line": 158,
            "column": 86
          }
        },
        "type": "cond-expr",
        "locations": [
          {
            "start": {
              "line": 158,
              "column": 58
            },
            "end": {
              "line": 158,
              "column": 81
            }
          },
          {
            "start": {
              "line": 158,
              "column": 84
            },
            "end": {
              "line": 158,
              "column": 86
            }
          }
        ],
        "line": 158
      },
      "7": {
        "loc": {
          "start": {
            "line": 180,
            "column": 25
          },
          "end": {
            "line": 189,
            "column": 34
          }
        },
        "type": "cond-expr",
        "locations": [
          {
            "start": {
              "line": 181,
              "column": 28
            },
            "end": {
              "line": 188,
              "column": 34
            }
          },
          {
            "start": {
              "line": 189,
              "column": 30
            },
            "end": {
              "line": 189,
              "column": 34
            }
          }
        ],
        "line": 180
      }
    },
    "s": {
      "0": 108,
      "1": 2224,
      "2": 2224,
      "3": 2224,
      "4": 2224,
      "5": 2224,
      "6": 68,
      "7": 2224,
      "8": 72,
      "9": 71,
      "10": 68,
      "11": 3,
      "12": 3,
      "13": 1,
      "14": 2,
      "15": 1,
      "16": 1,
      "17": 1,
      "18": 0,
      "19": 1,
      "20": 2224,
      "21": 1,
      "22": 2224,
      "23": 1,
      "24": 1,
      "25": 1,
      "26": 1,
      "27": 2224,
      "28": 1312,
      "29": 668
    },
    "f": {
      "0": 2224,
      "1": 68,
      "2": 72,
      "3": 68,
      "4": 3,
      "5": 1,
      "6": 1,
      "7": 1,
      "8": 1312,
      "9": 668
    },
    "b": {
      "0": [
        71,
        1
      ],
      "1": [
        3,
        3,
        3,
        1,
        0
      ],
      "2": [
        1,
        2
      ],
      "3": [
        1,
        1
      ],
      "4": [
        1,
        0
      ],
      "5": [
        1,
        2223
      ],
      "6": [
        1,
        2223
      ],
      "7": [
        1,
        2223
      ]
    },
    "_coverageSchema": "1a1c01bbd47fc00a2c39e90264f33305004495a9",
    "hash": "58e440aa379c7aa45fced1c761b93db922100c0f"
  },
  "D:\\BookQuoraReact\\bookquorareact\\src\\service\\Authentication\\protectedRoute.js": {
    "path": "D:\\BookQuoraReact\\bookquorareact\\src\\service\\Authentication\\protectedRoute.js",
    "statementMap": {
      "0": {
        "start": {
          "line": 5,
          "column": 30
        },
        "end": {
          "line": 28,
          "column": 1
        }
      },
      "1": {
        "start": {
          "line": 7,
          "column": 4
        },
        "end": {
          "line": 27,
          "column": 6
        }
      },
      "2": {
        "start": {
          "line": 12,
          "column": 16
        },
        "end": {
          "line": 24,
          "column": 17
        }
      },
      "3": {
        "start": {
          "line": 13,
          "column": 20
        },
        "end": {
          "line": 13,
          "column": 51
        }
      },
      "4": {
        "start": {
          "line": 16,
          "column": 20
        },
        "end": {
          "line": 23,
          "column": 24
        }
      }
    },
    "fnMap": {
      "0": {
        "name": "(anonymous_0)",
        "decl": {
          "start": {
            "line": 5,
            "column": 30
          },
          "end": {
            "line": 5,
            "column": 31
          }
        },
        "loc": {
          "start": {
            "line": 5,
            "column": 69
          },
          "end": {
            "line": 28,
            "column": 1
          }
        },
        "line": 5
      },
      "1": {
        "name": "(anonymous_1)",
        "decl": {
          "start": {
            "line": 10,
            "column": 20
          },
          "end": {
            "line": 10,
            "column": 21
          }
        },
        "loc": {
          "start": {
            "line": 10,
            "column": 29
          },
          "end": {
            "line": 25,
            "column": 13
          }
        },
        "line": 10
      }
    },
    "branchMap": {
      "0": {
        "loc": {
          "start": {
            "line": 12,
            "column": 16
          },
          "end": {
            "line": 24,
            "column": 17
          }
        },
        "type": "if",
        "locations": [
          {
            "start": {
              "line": 12,
              "column": 16
            },
            "end": {
              "line": 24,
              "column": 17
            }
          },
          {
            "start": {
              "line": 12,
              "column": 16
            },
            "end": {
              "line": 24,
              "column": 17
            }
          }
        ],
        "line": 12
      }
    },
    "s": {
      "0": 108,
      "1": 552,
      "2": 260,
      "3": 258,
      "4": 2
    },
    "f": {
      "0": 552,
      "1": 260
    },
    "b": {
      "0": [
        258,
        2
      ]
    },
    "_coverageSchema": "1a1c01bbd47fc00a2c39e90264f33305004495a9",
    "hash": "a2c6d5052fa5c96a645748c3f7ef1ad69b2ecbc8"
  },
  "D:\\BookQuoraReact\\bookquorareact\\src\\Modal\\About\\aboutBookora.js": {
    "path": "D:\\BookQuoraReact\\bookquorareact\\src\\Modal\\About\\aboutBookora.js",
    "statementMap": {
      "0": {
        "start": {
          "line": 4,
          "column": 21
        },
        "end": {
          "line": 19,
          "column": 1
        }
      },
      "1": {
        "start": {
          "line": 8,
          "column": 4
        },
        "end": {
          "line": 18,
          "column": 6
        }
      }
    },
    "fnMap": {
      "0": {
        "name": "(anonymous_0)",
        "decl": {
          "start": {
            "line": 4,
            "column": 21
          },
          "end": {
            "line": 4,
            "column": 22
          }
        },
        "loc": {
          "start": {
            "line": 4,
            "column": 32
          },
          "end": {
            "line": 19,
            "column": 1
          }
        },
        "line": 4
      }
    },
    "branchMap": {},
    "s": {
      "0": 108,
      "1": 0
    },
    "f": {
      "0": 0
    },
    "b": {},
    "_coverageSchema": "1a1c01bbd47fc00a2c39e90264f33305004495a9",
    "hash": "d283574aaa298c19c93f153fbffa070ff10c9511"
  },
  "D:\\BookQuoraReact\\bookquorareact\\src\\Component\\Booking\\ConfirmBooking.js": {
    "path": "D:\\BookQuoraReact\\bookquorareact\\src\\Component\\Booking\\ConfirmBooking.js",
    "statementMap": {
      "0": {
        "start": {
          "line": 6,
          "column": 4
        },
        "end": {
          "line": 46,
          "column": 6
        }
      }
    },
    "fnMap": {
      "0": {
        "name": "BookDialog",
        "decl": {
          "start": {
            "line": 5,
            "column": 12
          },
          "end": {
            "line": 5,
            "column": 22
          }
        },
        "loc": {
          "start": {
            "line": 5,
            "column": 30
          },
          "end": {
            "line": 47,
            "column": 1
          }
        },
        "line": 5
      }
    },
    "branchMap": {
      "0": {
        "loc": {
          "start": {
            "line": 21,
            "column": 21
          },
          "end": {
            "line": 30,
            "column": 30
          }
        },
        "type": "cond-expr",
        "locations": [
          {
            "start": {
              "line": 22,
              "column": 24
            },
            "end": {
              "line": 29,
              "column": 30
            }
          },
          {
            "start": {
              "line": 30,
              "column": 26
            },
            "end": {
              "line": 30,
              "column": 30
            }
          }
        ],
        "line": 21
      }
    },
    "s": {
      "0": 192
    },
    "f": {
      "0": 192
    },
    "b": {
      "0": [
        8,
        184
      ]
    },
    "_coverageSchema": "1a1c01bbd47fc00a2c39e90264f33305004495a9",
    "hash": "3492944fa76033d79c9ce961f9ab23ca6bbb16db"
  },
  "D:\\BookQuoraReact\\bookquorareact\\src\\service\\BookingService\\mapService.js": {
    "path": "D:\\BookQuoraReact\\bookquorareact\\src\\service\\BookingService\\mapService.js",
    "statementMap": {
      "0": {
        "start": {
          "line": 5,
          "column": 16
        },
        "end": {
          "line": 5,
          "column": 59
        }
      },
      "1": {
        "start": {
          "line": 6,
          "column": 15
        },
        "end": {
          "line": 6,
          "column": 52
        }
      },
      "2": {
        "start": {
          "line": 7,
          "column": 17
        },
        "end": {
          "line": 7,
          "column": 48
        }
      },
      "3": {
        "start": {
          "line": 14,
          "column": 20
        },
        "end": {
          "line": 14,
          "column": 54
        }
      },
      "4": {
        "start": {
          "line": 15,
          "column": 24
        },
        "end": {
          "line": 20,
          "column": 10
        }
      },
      "5": {
        "start": {
          "line": 23,
          "column": 4
        },
        "end": {
          "line": 23,
          "column": 20
        }
      },
      "6": {
        "start": {
          "line": 27,
          "column": 15
        },
        "end": {
          "line": 27,
          "column": 49
        }
      },
      "7": {
        "start": {
          "line": 28,
          "column": 21
        },
        "end": {
          "line": 39,
          "column": 5
        }
      },
      "8": {
        "start": {
          "line": 40,
          "column": 4
        },
        "end": {
          "line": 40,
          "column": 20
        }
      },
      "9": {
        "start": {
          "line": 44,
          "column": 15
        },
        "end": {
          "line": 44,
          "column": 49
        }
      },
      "10": {
        "start": {
          "line": 45,
          "column": 22
        },
        "end": {
          "line": 53,
          "column": 6
        }
      },
      "11": {
        "start": {
          "line": 66,
          "column": 4
        },
        "end": {
          "line": 66,
          "column": 20
        }
      }
    },
    "fnMap": {
      "0": {
        "name": "getZoneList",
        "decl": {
          "start": {
            "line": 11,
            "column": 22
          },
          "end": {
            "line": 11,
            "column": 33
          }
        },
        "loc": {
          "start": {
            "line": 11,
            "column": 41
          },
          "end": {
            "line": 24,
            "column": 5
          }
        },
        "line": 11
      },
      "1": {
        "name": "BookPlass",
        "decl": {
          "start": {
            "line": 26,
            "column": 22
          },
          "end": {
            "line": 26,
            "column": 31
          }
        },
        "loc": {
          "start": {
            "line": 26,
            "column": 59
          },
          "end": {
            "line": 41,
            "column": 1
          }
        },
        "line": 26
      },
      "2": {
        "name": "CheckStatusOfAllZones",
        "decl": {
          "start": {
            "line": 42,
            "column": 22
          },
          "end": {
            "line": 42,
            "column": 43
          }
        },
        "loc": {
          "start": {
            "line": 42,
            "column": 59
          },
          "end": {
            "line": 68,
            "column": 1
          }
        },
        "line": 42
      }
    },
    "branchMap": {},
    "s": {
      "0": 108,
      "1": 108,
      "2": 108,
      "3": 24,
      "4": 24,
      "5": 19,
      "6": 8,
      "7": 8,
      "8": 4,
      "9": 20,
      "10": 20,
      "11": 18
    },
    "f": {
      "0": 24,
      "1": 8,
      "2": 20
    },
    "b": {},
    "_coverageSchema": "1a1c01bbd47fc00a2c39e90264f33305004495a9",
    "hash": "4f088726e43872de37b1a1a4c4e04583e3b2d5b4"
  },
  "D:\\BookQuoraReact\\bookquorareact\\src\\Component\\Booking\\newBooking.js": {
    "path": "D:\\BookQuoraReact\\bookquorareact\\src\\Component\\Booking\\newBooking.js",
    "statementMap": {
      "0": {
        "start": {
          "line": 19,
          "column": 21
        },
        "end": {
          "line": 369,
          "column": 1
        }
      },
      "1": {
        "start": {
          "line": 20,
          "column": 20
        },
        "end": {
          "line": 20,
          "column": 32
        }
      },
      "2": {
        "start": {
          "line": 21,
          "column": 18
        },
        "end": {
          "line": 94,
          "column": 5
        }
      },
      "3": {
        "start": {
          "line": 95,
          "column": 30
        },
        "end": {
          "line": 95,
          "column": 41
        }
      },
      "4": {
        "start": {
          "line": 98,
          "column": 18
        },
        "end": {
          "line": 98,
          "column": 28
        }
      },
      "5": {
        "start": {
          "line": 99,
          "column": 38
        },
        "end": {
          "line": 99,
          "column": 53
        }
      },
      "6": {
        "start": {
          "line": 100,
          "column": 17
        },
        "end": {
          "line": 100,
          "column": 105
        }
      },
      "7": {
        "start": {
          "line": 101,
          "column": 20
        },
        "end": {
          "line": 101,
          "column": 30
        }
      },
      "8": {
        "start": {
          "line": 102,
          "column": 4
        },
        "end": {
          "line": 102,
          "column": 43
        }
      },
      "9": {
        "start": {
          "line": 105,
          "column": 28
        },
        "end": {
          "line": 105,
          "column": 43
        }
      },
      "10": {
        "start": {
          "line": 106,
          "column": 24
        },
        "end": {
          "line": 106,
          "column": 44
        }
      },
      "11": {
        "start": {
          "line": 106,
          "column": 30
        },
        "end": {
          "line": 106,
          "column": 44
        }
      },
      "12": {
        "start": {
          "line": 107,
          "column": 23
        },
        "end": {
          "line": 107,
          "column": 42
        }
      },
      "13": {
        "start": {
          "line": 107,
          "column": 29
        },
        "end": {
          "line": 107,
          "column": 42
        }
      },
      "14": {
        "start": {
          "line": 108,
          "column": 34
        },
        "end": {
          "line": 108,
          "column": 49
        }
      },
      "15": {
        "start": {
          "line": 110,
          "column": 32
        },
        "end": {
          "line": 110,
          "column": 42
        }
      },
      "16": {
        "start": {
          "line": 111,
          "column": 28
        },
        "end": {
          "line": 111,
          "column": 38
        }
      },
      "17": {
        "start": {
          "line": 112,
          "column": 36
        },
        "end": {
          "line": 115,
          "column": 6
        }
      },
      "18": {
        "start": {
          "line": 117,
          "column": 26
        },
        "end": {
          "line": 156,
          "column": 5
        }
      },
      "19": {
        "start": {
          "line": 118,
          "column": 20
        },
        "end": {
          "line": 118,
          "column": 22
        }
      },
      "20": {
        "start": {
          "line": 120,
          "column": 8
        },
        "end": {
          "line": 154,
          "column": 15
        }
      },
      "21": {
        "start": {
          "line": 122,
          "column": 20
        },
        "end": {
          "line": 129,
          "column": 22
        }
      },
      "22": {
        "start": {
          "line": 123,
          "column": 24
        },
        "end": {
          "line": 123,
          "column": 46
        }
      },
      "23": {
        "start": {
          "line": 124,
          "column": 24
        },
        "end": {
          "line": 127,
          "column": 25
        }
      },
      "24": {
        "start": {
          "line": 125,
          "column": 28
        },
        "end": {
          "line": 125,
          "column": 53
        }
      },
      "25": {
        "start": {
          "line": 128,
          "column": 24
        },
        "end": {
          "line": 128,
          "column": 36
        }
      },
      "26": {
        "start": {
          "line": 130,
          "column": 20
        },
        "end": {
          "line": 132,
          "column": 22
        }
      },
      "27": {
        "start": {
          "line": 131,
          "column": 24
        },
        "end": {
          "line": 131,
          "column": 42
        }
      },
      "28": {
        "start": {
          "line": 133,
          "column": 20
        },
        "end": {
          "line": 136,
          "column": 22
        }
      },
      "29": {
        "start": {
          "line": 140,
          "column": 20
        },
        "end": {
          "line": 144,
          "column": 36
        }
      },
      "30": {
        "start": {
          "line": 145,
          "column": 16
        },
        "end": {
          "line": 153,
          "column": 17
        }
      },
      "31": {
        "start": {
          "line": 146,
          "column": 20
        },
        "end": {
          "line": 146,
          "column": 40
        }
      },
      "32": {
        "start": {
          "line": 147,
          "column": 20
        },
        "end": {
          "line": 147,
          "column": 38
        }
      },
      "33": {
        "start": {
          "line": 148,
          "column": 20
        },
        "end": {
          "line": 148,
          "column": 36
        }
      },
      "34": {
        "start": {
          "line": 151,
          "column": 20
        },
        "end": {
          "line": 151,
          "column": 44
        }
      },
      "35": {
        "start": {
          "line": 158,
          "column": 32
        },
        "end": {
          "line": 214,
          "column": 5
        }
      },
      "36": {
        "start": {
          "line": 159,
          "column": 20
        },
        "end": {
          "line": 159,
          "column": 22
        }
      },
      "37": {
        "start": {
          "line": 160,
          "column": 8
        },
        "end": {
          "line": 212,
          "column": 15
        }
      },
      "38": {
        "start": {
          "line": 162,
          "column": 16
        },
        "end": {
          "line": 174,
          "column": 18
        }
      },
      "39": {
        "start": {
          "line": 163,
          "column": 15
        },
        "end": {
          "line": 163,
          "column": 41
        }
      },
      "40": {
        "start": {
          "line": 165,
          "column": 20
        },
        "end": {
          "line": 165,
          "column": 61
        }
      },
      "41": {
        "start": {
          "line": 166,
          "column": 20
        },
        "end": {
          "line": 172,
          "column": 21
        }
      },
      "42": {
        "start": {
          "line": 167,
          "column": 24
        },
        "end": {
          "line": 167,
          "column": 70
        }
      },
      "43": {
        "start": {
          "line": 168,
          "column": 27
        },
        "end": {
          "line": 172,
          "column": 21
        }
      },
      "44": {
        "start": {
          "line": 169,
          "column": 24
        },
        "end": {
          "line": 169,
          "column": 78
        }
      },
      "45": {
        "start": {
          "line": 171,
          "column": 24
        },
        "end": {
          "line": 171,
          "column": 78
        }
      },
      "46": {
        "start": {
          "line": 173,
          "column": 21
        },
        "end": {
          "line": 173,
          "column": 59
        }
      },
      "47": {
        "start": {
          "line": 176,
          "column": 16
        },
        "end": {
          "line": 193,
          "column": 18
        }
      },
      "48": {
        "start": {
          "line": 197,
          "column": 20
        },
        "end": {
          "line": 201,
          "column": 36
        }
      },
      "49": {
        "start": {
          "line": 202,
          "column": 16
        },
        "end": {
          "line": 211,
          "column": 17
        }
      },
      "50": {
        "start": {
          "line": 203,
          "column": 20
        },
        "end": {
          "line": 203,
          "column": 40
        }
      },
      "51": {
        "start": {
          "line": 204,
          "column": 20
        },
        "end": {
          "line": 204,
          "column": 44
        }
      },
      "52": {
        "start": {
          "line": 205,
          "column": 20
        },
        "end": {
          "line": 205,
          "column": 111
        }
      },
      "53": {
        "start": {
          "line": 209,
          "column": 20
        },
        "end": {
          "line": 209,
          "column": 44
        }
      },
      "54": {
        "start": {
          "line": 216,
          "column": 34
        },
        "end": {
          "line": 216,
          "column": 46
        }
      },
      "55": {
        "start": {
          "line": 217,
          "column": 30
        },
        "end": {
          "line": 217,
          "column": 41
        }
      },
      "56": {
        "start": {
          "line": 220,
          "column": 29
        },
        "end": {
          "line": 226,
          "column": 5
        }
      },
      "57": {
        "start": {
          "line": 222,
          "column": 8
        },
        "end": {
          "line": 222,
          "column": 45
        }
      },
      "58": {
        "start": {
          "line": 223,
          "column": 8
        },
        "end": {
          "line": 223,
          "column": 29
        }
      },
      "59": {
        "start": {
          "line": 224,
          "column": 8
        },
        "end": {
          "line": 224,
          "column": 24
        }
      },
      "60": {
        "start": {
          "line": 228,
          "column": 4
        },
        "end": {
          "line": 231,
          "column": 32
        }
      },
      "61": {
        "start": {
          "line": 229,
          "column": 8
        },
        "end": {
          "line": 229,
          "column": 32
        }
      },
      "62": {
        "start": {
          "line": 234,
          "column": 4
        },
        "end": {
          "line": 236,
          "column": 34
        }
      },
      "63": {
        "start": {
          "line": 240,
          "column": 22
        },
        "end": {
          "line": 245,
          "column": 5
        }
      },
      "64": {
        "start": {
          "line": 241,
          "column": 8
        },
        "end": {
          "line": 241,
          "column": 27
        }
      },
      "65": {
        "start": {
          "line": 242,
          "column": 8
        },
        "end": {
          "line": 242,
          "column": 26
        }
      },
      "66": {
        "start": {
          "line": 243,
          "column": 8
        },
        "end": {
          "line": 243,
          "column": 21
        }
      },
      "67": {
        "start": {
          "line": 247,
          "column": 23
        },
        "end": {
          "line": 254,
          "column": 5
        }
      },
      "68": {
        "start": {
          "line": 248,
          "column": 8
        },
        "end": {
          "line": 251,
          "column": 17
        }
      },
      "69": {
        "start": {
[...]
            "column": 37
          }
        },
        "loc": {
          "start": {
            "line": 34,
            "column": 42
          },
          "end": {
            "line": 53,
            "column": 5
          }
        },
        "line": 34
      },
      "2": {
        "name": "(anonymous_2)",
        "decl": {
          "start": {
            "line": 43,
            "column": 43
          },
          "end": {
            "line": 43,
            "column": 44
          }
        },
        "loc": {
          "start": {
            "line": 43,
            "column": 49
          },
          "end": {
            "line": 48,
            "column": 9
          }
        },
        "line": 43
      },
      "3": {
        "name": "registerValidSW",
        "decl": {
          "start": {
            "line": 57,
            "column": 9
          },
          "end": {
            "line": 57,
            "column": 24
          }
        },
        "loc": {
          "start": {
            "line": 57,
            "column": 40
          },
          "end": {
            "line": 99,
            "column": 1
          }
        },
        "line": 57
      },
      "4": {
        "name": "(anonymous_4)",
        "decl": {
          "start": {
            "line": 60,
            "column": 10
          },
          "end": {
            "line": 60,
            "column": 11
          }
        },
        "loc": {
          "start": {
            "line": 60,
            "column": 26
          },
          "end": {
            "line": 95,
            "column": 5
          }
        },
        "line": 60
      },
      "5": {
        "name": "(anonymous_5)",
        "decl": {
          "start": {
            "line": 61,
            "column": 35
          },
          "end": {
            "line": 61,
            "column": 36
          }
        },
        "loc": {
          "start": {
            "line": 61,
            "column": 41
          },
          "end": {
            "line": 94,
            "column": 7
          }
        },
        "line": 61
      },
      "6": {
        "name": "(anonymous_6)",
        "decl": {
          "start": {
            "line": 66,
            "column": 41
          },
          "end": {
            "line": 66,
            "column": 42
          }
        },
        "loc": {
          "start": {
            "line": 66,
            "column": 47
          },
          "end": {
            "line": 93,
            "column": 9
          }
        },
        "line": 66
      },
      "7": {
        "name": "(anonymous_7)",
        "decl": {
          "start": {
            "line": 96,
            "column": 11
          },
          "end": {
            "line": 96,
            "column": 12
          }
        },
        "loc": {
          "start": {
            "line": 96,
            "column": 20
          },
          "end": {
            "line": 98,
            "column": 5
          }
        },
        "line": 96
      },
      "8": {
        "name": "checkValidServiceWorker",
        "decl": {
          "start": {
            "line": 101,
            "column": 9
          },
          "end": {
            "line": 101,
            "column": 32
          }
        },
        "loc": {
          "start": {
            "line": 101,
            "column": 48
          },
          "end": {
            "line": 129,
            "column": 1
          }
        },
        "line": 101
      },
      "9": {
        "name": "(anonymous_9)",
        "decl": {
          "start": {
            "line": 106,
            "column": 10
          },
          "end": {
            "line": 106,
            "column": 11
          }
        },
        "loc": {
          "start": {
            "line": 106,
            "column": 22
          },
          "end": {
            "line": 123,
            "column": 5
          }
        },
        "line": 106
      },
      "10": {
        "name": "(anonymous_10)",
        "decl": {
          "start": {
            "line": 114,
            "column": 43
          },
          "end": {
            "line": 114,
            "column": 44
          }
        },
        "loc": {
          "start": {
            "line": 114,
            "column": 59
          },
          "end": {
            "line": 118,
            "column": 9
          }
        },
        "line": 114
      },
      "11": {
        "name": "(anonymous_11)",
        "decl": {
          "start": {
            "line": 115,
            "column": 41
          },
          "end": {
            "line": 115,
            "column": 42
          }
        },
        "loc": {
          "start": {
            "line": 115,
            "column": 47
          },
          "end": {
            "line": 117,
            "column": 11
          }
        },
        "line": 115
      },
      "12": {
        "name": "(anonymous_12)",
        "decl": {
          "start": {
            "line": 124,
            "column": 11
          },
          "end": {
            "line": 124,
            "column": 12
          }
        },
        "loc": {
          "start": {
            "line": 124,
            "column": 17
          },
          "end": {
            "line": 128,
            "column": 5
          }
        },
        "line": 124
      },
      "13": {
        "name": "unregister",
        "decl": {
          "start": {
            "line": 131,
            "column": 16
          },
          "end": {
            "line": 131,
            "column": 26
          }
        },
        "loc": {
          "start": {
            "line": 131,
            "column": 29
          },
          "end": {
            "line": 141,
            "column": 1
          }
        },
        "line": 131
      },
      "14": {
        "name": "(anonymous_14)",
        "decl": {
          "start": {
            "line": 134,
            "column": 12
          },
          "end": {
            "line": 134,
            "column": 13
          }
        },
        "loc": {
          "start": {
            "line": 134,
            "column": 28
          },
          "end": {
            "line": 136,
            "column": 7
          }
        },
        "line": 134
      },
      "15": {
        "name": "(anonymous_15)",
        "decl": {
          "start": {
            "line": 137,
            "column": 13
          },
          "end": {
            "line": 137,
            "column": 14
          }
        },
        "loc": {
          "start": {
            "line": 137,
            "column": 22
          },
          "end": {
            "line": 139,
            "column": 7
          }
        },
        "line": 137
      }
    },
    "branchMap": {
      "0": {
        "loc": {
          "start": {
            "line": 14,
            "column": 2
          },
          "end": {
            "line": 20,
            "column": 5
          }
        },
        "type": "binary-expr",
        "locations": [
          {
            "start": {
              "line": 14,
              "column": 2
            },
            "end": {
              "line": 14,
              "column": 42
            }
          },
          {
            "start": {
              "line": 16,
              "column": 4
            },
            "end": {
              "line": 16,
              "column": 40
            }
          },
          {
            "start": {
              "line": 18,
              "column": 4
            },
            "end": {
              "line": 20,
              "column": 5
            }
          }
        ],
        "line": 14
      },
      "1": {
        "loc": {
          "start": {
            "line": 24,
            "column": 2
          },
          "end": {
            "line": 54,
            "column": 3
          }
        },
        "type": "if",
        "locations": [
          {
            "start": {
              "line": 24,
              "column": 2
            },
            "end": {
              "line": 54,
              "column": 3
            }
          },
          {
            "start": {
              "line": 24,
              "column": 2
            },
            "end": {
              "line": 54,
              "column": 3
            }
          }
        ],
        "line": 24
      },
      "2": {
        "loc": {
          "start": {
            "line": 24,
            "column": 6
          },
          "end": {
            "line": 24,
            "column": 75
          }
        },
        "type": "binary-expr",
        "locations": [
          {
            "start": {
              "line": 24,
              "column": 6
            },
            "end": {
              "line": 24,
              "column": 43
            }
          },
          {
            "start": {
              "line": 24,
              "column": 47
            },
            "end": {
              "line": 24,
              "column": 75
            }
          }
        ],
        "line": 24
      },
      "3": {
        "loc": {
          "start": {
            "line": 27,
            "column": 4
          },
          "end": {
            "line": 32,
            "column": 5
          }
        },
        "type": "if",
        "locations": [
          {
            "start": {
              "line": 27,
              "column": 4
            },
            "end": {
              "line": 32,
              "column": 5
            }
          },
          {
            "start": {
              "line": 27,
              "column": 4
            },
            "end": {
              "line": 32,
              "column": 5
            }
          }
        ],
        "line": 27
      },
      "4": {
        "loc": {
          "start": {
            "line": 37,
            "column": 6
          },
          "end": {
            "line": 52,
            "column": 7
          }
        },
        "type": "if",
        "locations": [
          {
            "start": {
              "line": 37,
              "column": 6
            },
            "end": {
              "line": 52,
              "column": 7
            }
          },
          {
            "start": {
              "line": 37,
              "column": 6
            },
            "end": {
              "line": 52,
              "column": 7
            }
          }
        ],
        "line": 37
      },
      "5": {
        "loc": {
          "start": {
            "line": 63,
            "column": 8
          },
          "end": {
            "line": 65,
            "column": 9
          }
        },
        "type": "if",
        "locations": [
          {
            "start": {
              "line": 63,
              "column": 8
            },
            "end": {
              "line": 65,
              "column": 9
            }
          },
          {
            "start": {
              "line": 63,
              "column": 8
            },
            "end": {
              "line": 65,
              "column": 9
            }
          }
        ],
        "line": 63
      },
      "6": {
        "loc": {
          "start": {
            "line": 67,
            "column": 10
          },
          "end": {
            "line": 92,
            "column": 11
          }
        },
        "type": "if",
        "locations": [
          {
            "start": {
              "line": 67,
              "column": 10
            },
            "end": {
              "line": 92,
              "column": 11
            }
          },
          {
            "start": {
              "line": 67,
              "column": 10
            },
            "end": {
              "line": 92,
              "column": 11
            }
          }
        ],
        "line": 67
      },
      "7": {
        "loc": {
          "start": {
            "line": 68,
            "column": 12
          },
          "end": {
            "line": 91,
            "column": 13
          }
        },
        "type": "if",
        "locations": [
          {
            "start": {
              "line": 68,
              "column": 12
            },
            "end": {
              "line": 91,
              "column": 13
            }
          },
          {
            "start": {
              "line": 68,
              "column": 12
            },
            "end": {
              "line": 91,
              "column": 13
            }
          }
        ],
        "line": 68
      },
      "8": {
        "loc": {
          "start": {
            "line": 78,
            "column": 14
          },
          "end": {
            "line": 80,
            "column": 15
          }
        },
        "type": "if",
        "locations": [
          {
            "start": {
              "line": 78,
              "column": 14
            },
            "end": {
              "line": 80,
              "column": 15
            }
          },
          {
            "start": {
              "line": 78,
              "column": 14
            },
            "end": {
              "line": 80,
              "column": 15
            }
          }
        ],
        "line": 78
      },
      "9": {
        "loc": {
          "start": {
            "line": 78,
            "column": 18
          },
          "end": {
            "line": 78,
            "column": 43
          }
        },
        "type": "binary-expr",
        "locations": [
          {
            "start": {
              "line": 78,
              "column": 18
            },
            "end": {
              "line": 78,
              "column": 24
            }
          },
          {
            "start": {
              "line": 78,
              "column": 28
            },
            "end": {
              "line": 78,
              "column": 43
            }
          }
        ],
        "line": 78
      },
      "10": {
        "loc": {
          "start": {
            "line": 88,
            "column": 14
          },
          "end": {
            "line": 90,
            "column": 15
          }
        },
        "type": "if",
        "locations": [
          {
            "start": {
              "line": 88,
              "column": 14
            },
            "end": {
              "line": 90,
              "column": 15
            }
          },
          {
            "start": {
              "line": 88,
              "column": 14
            },
            "end": {
              "line": 90,
              "column": 15
            }
          }
        ],
        "line": 88
      },
      "11": {
        "loc": {
          "start": {
            "line": 88,
            "column": 18
          },
          "end": {
            "line": 88,
            "column": 44
          }
        },
        "type": "binary-expr",
        "locations": [
          {
            "start": {
              "line": 88,
              "column": 18
            },
            "end": {
              "line": 88,
              "column": 24
            }
          },
          {
            "start": {
              "line": 88,
              "column": 28
            },
            "end": {
              "line": 88,
              "column": 44
            }
          }
        ],
        "line": 88
      },
      "12": {
        "loc": {
          "start": {
            "line": 109,
            "column": 6
          },
          "end": {
            "line": 122,
            "column": 7
          }
        },
        "type": "if",
        "locations": [
          {
            "start": {
              "line": 109,
              "column": 6
            },
            "end": {
              "line": 122,
              "column": 7
            }
          },
          {
            "start": {
              "line": 109,
              "column": 6
            },
            "end": {
              "line": 122,
              "column": 7
            }
          }
        ],
        "line": 109
      },
      "13": {
        "loc": {
          "start": {
            "line": 110,
            "column": 8
          },
          "end": {
            "line": 111,
            "column": 73
          }
        },
        "type": "binary-expr",
        "locations": [
          {
            "start": {
              "line": 110,
              "column": 8
            },
            "end": {
              "line": 110,
              "column": 31
            }
          },
          {
            "start": {
              "line": 111,
              "column": 9
            },
            "end": {
              "line": 111,
              "column": 28
            }
          },
          {
            "start": {
              "line": 111,
              "column": 32
            },
            "end": {
              "line": 111,
              "column": 72
            }
          }
        ],
        "line": 110
      },
      "14": {
        "loc": {
          "start": {
            "line": 132,
            "column": 2
          },
          "end": {
            "line": 140,
            "column": 3
          }
        },
        "type": "if",
        "locations": [
          {
            "start": {
              "line": 132,
              "column": 2
            },
            "end": {
              "line": 140,
              "column": 3
            }
          },
          {
            "start": {
              "line": 132,
              "column": 2
            },
            "end": {
              "line": 140,
              "column": 3
            }
          }
        ],
        "line": 132
      }
    },
    "s": {
      "0": 108,
      "1": 0,
      "2": 0,
      "3": 0,
      "4": 0,
      "5": 0,
      "6": 0,
      "7": 0,
      "8": 0,
      "9": 0,
      "10": 0,
      "11": 0,
      "12": 0,
      "13": 0,
      "14": 0,
      "15": 0,
      "16": 0,
      "17": 0,
      "18": 0,
      "19": 0,
      "20": 0,
      "21": 0,
      "22": 0,
      "23": 0,
      "24": 0,
      "25": 0,
      "26": 0,
      "27": 0,
      "28": 0,
      "29": 0,
      "30": 0,
      "31": 0,
      "32": 0,
      "33": 0,
      "34": 0,
      "35": 108,
      "36": 108,
      "37": 0,
      "38": 0
    },
    "f": {
      "0": 0,
      "1": 0,
      "2": 0,
      "3": 0,
      "4": 0,
      "5": 0,
      "6": 0,
      "7": 0,
      "8": 0,
      "9": 0,
      "10": 0,
      "11": 0,
      "12": 0,
      "13": 108,
      "14": 0,
      "15": 0
    },
    "b": {
      "0": [
        108,
        0,
        0
      ],
      "1": [
        0,
        0
      ],
      "2": [
        0,
        0
      ],
      "3": [
        0,
        0
      ],
      "4": [
        0,
        0
      ],
      "5": [
        0,
        0
      ],
      "6": [
        0,
        0
      ],
      "7": [
        0,
        0
      ],
      "8": [
        0,
        0
      ],
      "9": [
        0,
        0
      ],
      "10": [
        0,
        0
      ],
      "11": [
        0,
        0
      ],
      "12": [
        0,
        0
      ],
      "13": [
        0,
        0,
        0
      ],
      "14": [
        108,
        0
      ]
    },
    "_coverageSchema": "1a1c01bbd47fc00a2c39e90264f33305004495a9",
    "hash": "06a19f676b5bb88656d1f6b73e26a6989c431b97"
  },
  "D:\\BookQuoraReact\\bookquorareact\\src\\index.js": {
    "path": "D:\\BookQuoraReact\\bookquorareact\\src\\index.js",
    "statementMap": {
      "0": {
        "start": {
          "line": 9,
          "column": 0
        },
        "end": {
          "line": 9,
          "column": 58
        }
      },
      "1": {
        "start": {
          "line": 14,
          "column": 0
        },
        "end": {
          "line": 14,
          "column": 27
        }
      }
    },
    "fnMap": {},
    "branchMap": {},
    "s": {
      "0": 108,
      "1": 108
    },
    "f": {},
    "b": {},
    "_coverageSchema": "1a1c01bbd47fc00a2c39e90264f33305004495a9",
    "hash": "9d552657e1b3dd1505f1a98431579b1cce22901e"
  }
}